<?xml version="1.0" encoding="UTF-8" standalone="no"?>
<!DOCTYPE log SYSTEM "logger.dtd">
<log>
<record>
  <date>2018-07-16T18:42:09</date>
  <millis>1531746729795</millis>
  <sequence>0</sequence>
  <level>START</level>
  <class>com.kms.katalon.core.logging.KeywordLogger</class>
  <method>startSuite</method>
  <thread>1</thread>
  <message>Start Test Suite : Test Suites/CRM/AddWarehouse</message>
  <nestedLevel>0</nestedLevel>
  <property name="name">AddWarehouse</property>
  <property name="description"></property>
  <property name="id">Test Suites/CRM/AddWarehouse</property>
</record>
<record>
  <date>2018-07-16T18:42:09</date>
  <millis>1531746729835</millis>
  <sequence>1</sequence>
  <level>RUN_DATA</level>
  <class>com.kms.katalon.core.logging.KeywordLogger</class>
  <method>logMessage</method>
  <thread>1</thread>
  <message>Logging run data &amp;apos;hostName&amp;apos; with value &amp;apos;Avishek - DESKTOP-UNOIIMH&amp;apos;</message>
  <nestedLevel>0</nestedLevel>
  <property name="hostName">Avishek - DESKTOP-UNOIIMH</property>
</record>
<record>
  <date>2018-07-16T18:42:09</date>
  <millis>1531746729838</millis>
  <sequence>2</sequence>
  <level>RUN_DATA</level>
  <class>com.kms.katalon.core.logging.KeywordLogger</class>
  <method>logMessage</method>
  <thread>1</thread>
  <message>Logging run data &amp;apos;os&amp;apos; with value &amp;apos;Windows 10 64bit&amp;apos;</message>
  <nestedLevel>0</nestedLevel>
  <property name="os">Windows 10 64bit</property>
</record>
<record>
  <date>2018-07-16T18:42:09</date>
  <millis>1531746729838</millis>
  <sequence>3</sequence>
  <level>RUN_DATA</level>
  <class>com.kms.katalon.core.logging.KeywordLogger</class>
  <method>logMessage</method>
  <thread>1</thread>
  <message>Logging run data &amp;apos;hostAddress&amp;apos; with value &amp;apos;172.16.10.93&amp;apos;</message>
  <nestedLevel>0</nestedLevel>
  <property name="hostAddress">172.16.10.93</property>
</record>
<record>
  <date>2018-07-16T18:42:09</date>
  <millis>1531746729840</millis>
  <sequence>4</sequence>
  <level>RUN_DATA</level>
  <class>com.kms.katalon.core.logging.KeywordLogger</class>
  <method>logMessage</method>
  <thread>1</thread>
  <message>Logging run data &amp;apos;katalonVersion&amp;apos; with value &amp;apos;5.5.0.1&amp;apos;</message>
  <nestedLevel>0</nestedLevel>
  <property name="katalonVersion">5.5.0.1</property>
</record>
<record>
  <date>2018-07-16T18:42:10</date>
  <millis>1531746730439</millis>
  <sequence>5</sequence>
  <level>START</level>
  <class>com.kms.katalon.core.logging.KeywordLogger</class>
  <method>startTest</method>
  <thread>1</thread>
  <message>Start Test Case : Test Cases/CRM/AddWarehouse</message>
  <nestedLevel>1</nestedLevel>
  <property name="name">Test Cases/CRM/AddWarehouse</property>
  <property name="description"></property>
  <property name="id">Test Cases/CRM/AddWarehouse</property>
  <property name="source">E:\\Avishek\\LOGMANPROJECT\\Test Cases\\CRM\\AddWarehouse.tc</property>
  <property name="isOptional">false</property>
</record>
<record>
  <date>2018-07-16T18:42:10</date>
  <millis>1531746730502</millis>
  <sequence>6</sequence>
  <level>INFO</level>
  <class>com.kms.katalon.core.logging.KeywordLogger</class>
  <method>logMessage</method>
  <thread>1</thread>
  <message>Evaluating variables for test case</message>
  <nestedLevel>1</nestedLevel>
</record>
<record>
  <date>2018-07-16T18:42:11</date>
  <millis>1531746731030</millis>
  <sequence>7</sequence>
  <level>START</level>
  <class>com.kms.katalon.core.logging.KeywordLogger</class>
  <method>startKeyword</method>
  <thread>1</thread>
  <message>Start action : openBrowser</message>
  <nestedLevel>1</nestedLevel>
  <property name="startLine">22</property>
  <property name="stepIndex">1</property>
</record>
<record>
  <date>2018-07-16T18:42:11</date>
  <millis>1531746731559</millis>
  <sequence>8</sequence>
  <level>INFO</level>
  <class>com.kms.katalon.core.logging.KeywordLogger</class>
  <method>logMessage</method>
  <thread>1</thread>
  <message>Opening browser</message>
  <nestedLevel>1</nestedLevel>
</record>
<record>
  <date>2018-07-16T18:42:11</date>
  <millis>1531746731576</millis>
  <sequence>9</sequence>
  <level>INFO</level>
  <class>com.kms.katalon.core.logging.KeywordLogger</class>
  <method>logMessage</method>
  <thread>1</thread>
  <message>Starting &amp;apos;Chrome&amp;apos; driver</message>
  <nestedLevel>1</nestedLevel>
</record>
<record>
  <date>2018-07-16T18:42:11</date>
  <millis>1531746731656</millis>
  <sequence>10</sequence>
  <level>INFO</level>
  <class>com.kms.katalon.core.logging.KeywordLogger</class>
  <method>logMessage</method>
  <thread>1</thread>
  <message>Action delay is set to 0 seconds</message>
  <nestedLevel>1</nestedLevel>
</record>
<record>
  <date>2018-07-16T18:42:14</date>
  <millis>1531746734654</millis>
  <sequence>12</sequence>
  <level>RUN_DATA</level>
  <class>com.kms.katalon.core.logging.KeywordLogger</class>
  <method>logMessage</method>
  <thread>1</thread>
  <message>Logging run data &amp;apos;sessionId&amp;apos; with value &amp;apos;1a35edf43d180fd283f30f595544fc85&amp;apos;</message>
  <nestedLevel>1</nestedLevel>
  <property name="sessionId">1a35edf43d180fd283f30f595544fc85</property>
</record>
<record>
  <date>2018-07-16T18:42:14</date>
  <millis>1531746734784</millis>
  <sequence>13</sequence>
  <level>RUN_DATA</level>
  <class>com.kms.katalon.core.logging.KeywordLogger</class>
  <method>logMessage</method>
  <thread>1</thread>
  <message>Logging run data &amp;apos;browser&amp;apos; with value &amp;apos;Chrome 67.0.3396.99&amp;apos;</message>
  <nestedLevel>1</nestedLevel>
  <property name="browser">Chrome 67.0.3396.99</property>
</record>
<record>
  <date>2018-07-16T18:42:14</date>
  <millis>1531746734785</millis>
  <sequence>14</sequence>
  <level>RUN_DATA</level>
  <class>com.kms.katalon.core.logging.KeywordLogger</class>
  <method>logMessage</method>
  <thread>1</thread>
  <message>Logging run data &amp;apos;platform&amp;apos; with value &amp;apos;Windows 10&amp;apos;</message>
  <nestedLevel>1</nestedLevel>
  <property name="platform">Windows 10</property>
</record>
<record>
  <date>2018-07-16T18:42:14</date>
  <millis>1531746734787</millis>
  <sequence>15</sequence>
  <level>RUN_DATA</level>
  <class>com.kms.katalon.core.logging.KeywordLogger</class>
  <method>logMessage</method>
  <thread>1</thread>
  <message>Logging run data &amp;apos;seleniumVersion&amp;apos; with value &amp;apos;3.7.1&amp;apos;</message>
  <nestedLevel>1</nestedLevel>
  <property name="seleniumVersion">3.7.1</property>
</record>
<record>
  <date>2018-07-16T18:42:14</date>
  <millis>1531746734787</millis>
  <sequence>16</sequence>
  <level>RUN_DATA</level>
  <class>com.kms.katalon.core.logging.KeywordLogger</class>
  <method>logMessage</method>
  <thread>1</thread>
  <message>Logging run data &amp;apos;proxyInformation&amp;apos; with value &amp;apos;ProxyInformation{proxyOption=NO_PROXY, proxyServerType=HTTP, password=, proxyServerAddress=, proxyServerPort=0}&amp;apos;</message>
  <nestedLevel>1</nestedLevel>
  <property name="proxyInformation">ProxyInformation{proxyOption=NO_PROXY, proxyServerType=HTTP, password=, proxyServerAddress=, proxyServerPort=0}</property>
</record>
<record>
  <date>2018-07-16T18:42:14</date>
  <millis>1531746734787</millis>
  <sequence>17</sequence>
  <level>PASSED</level>
  <class>com.kms.katalon.core.logging.KeywordLogger</class>
  <method>logMessage</method>
  <thread>1</thread>
  <message>Browser is opened with url: &amp;apos;&amp;apos;</message>
  <nestedLevel>1</nestedLevel>
</record>
<record>
  <date>2018-07-16T18:42:14</date>
  <millis>1531746734801</millis>
  <sequence>18</sequence>
  <level>END</level>
  <class>com.kms.katalon.core.logging.KeywordLogger</class>
  <method>endKeyword</method>
  <thread>1</thread>
  <message>End action : openBrowser</message>
  <nestedLevel>1</nestedLevel>
</record>
<record>
  <date>2018-07-16T18:42:14</date>
  <millis>1531746734801</millis>
  <sequence>19</sequence>
  <level>START</level>
  <class>com.kms.katalon.core.logging.KeywordLogger</class>
  <method>startKeyword</method>
  <thread>1</thread>
  <message>Start action : navigateToUrl</message>
  <nestedLevel>1</nestedLevel>
  <property name="startLine">24</property>
  <property name="stepIndex">2</property>
</record>
<record>
  <date>2018-07-16T18:42:14</date>
  <millis>1531746734833</millis>
  <sequence>20</sequence>
  <level>INFO</level>
  <class>com.kms.katalon.core.logging.KeywordLogger</class>
  <method>logMessage</method>
  <thread>1</thread>
  <message>Checking url</message>
  <nestedLevel>1</nestedLevel>
</record>
<record>
  <date>2018-07-16T18:42:14</date>
  <millis>1531746734833</millis>
  <sequence>21</sequence>
  <level>INFO</level>
  <class>com.kms.katalon.core.logging.KeywordLogger</class>
  <method>logMessage</method>
  <thread>1</thread>
  <message>Navigating to &amp;apos;http://portal.logmanproj.com/Login.aspx&amp;apos;</message>
  <nestedLevel>1</nestedLevel>
</record>
<record>
  <date>2018-07-16T18:42:24</date>
  <millis>1531746744207</millis>
  <sequence>22</sequence>
  <level>PASSED</level>
  <class>com.kms.katalon.core.logging.KeywordLogger</class>
  <method>logMessage</method>
  <thread>1</thread>
  <message>Navigate to &amp;apos;http://portal.logmanproj.com/Login.aspx&amp;apos; successfully</message>
  <nestedLevel>1</nestedLevel>
</record>
<record>
  <date>2018-07-16T18:42:24</date>
  <millis>1531746744209</millis>
  <sequence>23</sequence>
  <level>END</level>
  <class>com.kms.katalon.core.logging.KeywordLogger</class>
  <method>endKeyword</method>
  <thread>1</thread>
  <message>End action : navigateToUrl</message>
  <nestedLevel>1</nestedLevel>
</record>
<record>
  <date>2018-07-16T18:42:24</date>
  <millis>1531746744210</millis>
  <sequence>24</sequence>
  <level>START</level>
  <class>com.kms.katalon.core.logging.KeywordLogger</class>
  <method>startKeyword</method>
  <thread>1</thread>
  <message>Start action : maximizeWindow</message>
  <nestedLevel>1</nestedLevel>
  <property name="startLine">26</property>
  <property name="stepIndex">3</property>
</record>
<record>
  <date>2018-07-16T18:42:24</date>
  <millis>1531746744247</millis>
  <sequence>25</sequence>
  <level>INFO</level>
  <class>com.kms.katalon.core.logging.KeywordLogger</class>
  <method>logMessage</method>
  <thread>1</thread>
  <message>Maximizing current window</message>
  <nestedLevel>1</nestedLevel>
</record>
<record>
  <date>2018-07-16T18:42:25</date>
  <millis>1531746745420</millis>
  <sequence>26</sequence>
  <level>PASSED</level>
  <class>com.kms.katalon.core.logging.KeywordLogger</class>
  <method>logMessage</method>
  <thread>1</thread>
  <message>Current window maximized</message>
  <nestedLevel>1</nestedLevel>
</record>
<record>
  <date>2018-07-16T18:42:25</date>
  <millis>1531746745421</millis>
  <sequence>27</sequence>
  <level>END</level>
  <class>com.kms.katalon.core.logging.KeywordLogger</class>
  <method>endKeyword</method>
  <thread>1</thread>
  <message>End action : maximizeWindow</message>
  <nestedLevel>1</nestedLevel>
</record>
<record>
  <date>2018-07-16T18:42:25</date>
  <millis>1531746745422</millis>
  <sequence>28</sequence>
  <level>START</level>
  <class>com.kms.katalon.core.logging.KeywordLogger</class>
  <method>startKeyword</method>
  <thread>1</thread>
  <message>Start action : setText</message>
  <nestedLevel>1</nestedLevel>
  <property name="startLine">28</property>
  <property name="stepIndex">4</property>
</record>
<record>
  <date>2018-07-16T18:42:25</date>
  <millis>1531746745430</millis>
  <sequence>29</sequence>
  <level>INFO</level>
  <class>com.kms.katalon.core.logging.KeywordLogger</class>
  <method>logMessage</method>
  <thread>1</thread>
  <message>Finding Test Object with id &amp;apos;Object Repository/Page_JobyCo/input_ctl00ContentPlaceHolder1&amp;apos;</message>
  <nestedLevel>1</nestedLevel>
</record>
<record>
  <date>2018-07-16T18:42:25</date>
  <millis>1531746745507</millis>
  <sequence>30</sequence>
  <level>INFO</level>
  <class>com.kms.katalon.core.logging.KeywordLogger</class>
  <method>logMessage</method>
  <thread>1</thread>
  <message>Checking object</message>
  <nestedLevel>1</nestedLevel>
</record>
<record>
  <date>2018-07-16T18:42:25</date>
  <millis>1531746745511</millis>
  <sequence>31</sequence>
  <level>INFO</level>
  <class>com.kms.katalon.core.logging.KeywordLogger</class>
  <method>logMessage</method>
  <thread>1</thread>
  <message>Checking text</message>
  <nestedLevel>1</nestedLevel>
</record>
<record>
  <date>2018-07-16T18:42:25</date>
  <millis>1531746745513</millis>
  <sequence>32</sequence>
  <level>INFO</level>
  <class>com.kms.katalon.core.logging.KeywordLogger</class>
  <method>logMessage</method>
  <thread>1</thread>
  <message>Checking timeout</message>
  <nestedLevel>1</nestedLevel>
</record>
<record>
  <date>2018-07-16T18:42:25</date>
  <millis>1531746745536</millis>
  <sequence>33</sequence>
  <level>INFO</level>
  <class>com.kms.katalon.core.logging.KeywordLogger</class>
  <method>logMessage</method>
  <thread>1</thread>
  <message>Finding web element with id: &amp;apos;Object Repository/Page_JobyCo/input_ctl00ContentPlaceHolder1&amp;apos; located by &amp;apos;By.xpath: id(\&amp;quot;ContentPlaceHolder1_txtEmailID\&amp;quot;)[count(. | //input[@name = &amp;apos;ctl00$ContentPlaceHolder1$txtEmailID&amp;apos; and @type = &amp;apos;text&amp;apos; and @maxlength = &amp;apos;255&amp;apos; and @id = &amp;apos;ContentPlaceHolder1_txtEmailID&amp;apos; and @class = &amp;apos;form-control&amp;apos; and @placeholder = &amp;apos;Enter Email&amp;apos; and @title = &amp;apos;Please enter your Email&amp;apos; and @onkeypress = &amp;apos;clearErrorMessage();&amp;apos;]) = count(//input[@name = &amp;apos;ctl00$ContentPlaceHolder1$txtEmailID&amp;apos; and @type = &amp;apos;text&amp;apos; and @maxlength = &amp;apos;255&amp;apos; and @id = &amp;apos;ContentPlaceHolder1_txtEmailID&amp;apos; and @class = &amp;apos;form-control&amp;apos; and @placeholder = &amp;apos;Enter Email&amp;apos; and @title = &amp;apos;Please enter your Email&amp;apos; and @onkeypress = &amp;apos;clearErrorMessage();&amp;apos;])]&amp;apos; in &amp;apos;30&amp;apos; second(s)</message>
  <nestedLevel>1</nestedLevel>
</record>
<record>
  <date>2018-07-16T18:42:25</date>
  <millis>1531746745575</millis>
  <sequence>34</sequence>
  <level>INFO</level>
  <class>com.kms.katalon.core.logging.KeywordLogger</class>
  <method>logMessage</method>
  <thread>1</thread>
  <message>Found 1 web elements with id: &amp;apos;Object Repository/Page_JobyCo/input_ctl00ContentPlaceHolder1&amp;apos; located by &amp;apos;By.xpath: id(\&amp;quot;ContentPlaceHolder1_txtEmailID\&amp;quot;)[count(. | //input[@name = &amp;apos;ctl00$ContentPlaceHolder1$txtEmailID&amp;apos; and @type = &amp;apos;text&amp;apos; and @maxlength = &amp;apos;255&amp;apos; and @id = &amp;apos;ContentPlaceHolder1_txtEmailID&amp;apos; and @class = &amp;apos;form-control&amp;apos; and @placeholder = &amp;apos;Enter Email&amp;apos; and @title = &amp;apos;Please enter your Email&amp;apos; and @onkeypress = &amp;apos;clearErrorMessage();&amp;apos;]) = count(//input[@name = &amp;apos;ctl00$ContentPlaceHolder1$txtEmailID&amp;apos; and @type = &amp;apos;text&amp;apos; and @maxlength = &amp;apos;255&amp;apos; and @id = &amp;apos;ContentPlaceHolder1_txtEmailID&amp;apos; and @class = &amp;apos;form-control&amp;apos; and @placeholder = &amp;apos;Enter Email&amp;apos; and @title = &amp;apos;Please enter your Email&amp;apos; and @onkeypress = &amp;apos;clearErrorMessage();&amp;apos;])]&amp;apos; in &amp;apos;30&amp;apos; second(s)</message>
  <nestedLevel>1</nestedLevel>
</record>
<record>
  <date>2018-07-16T18:42:25</date>
  <millis>1531746745577</millis>
  <sequence>35</sequence>
  <level>INFO</level>
  <class>com.kms.katalon.core.logging.KeywordLogger</class>
  <method>logMessage</method>
  <thread>1</thread>
  <message>Clearing text of object &amp;apos;Object Repository/Page_JobyCo/input_ctl00ContentPlaceHolder1&amp;apos;</message>
  <nestedLevel>1</nestedLevel>
</record>
<record>
  <date>2018-07-16T18:42:25</date>
  <millis>1531746745628</millis>
  <sequence>36</sequence>
  <level>INFO</level>
  <class>com.kms.katalon.core.logging.KeywordLogger</class>
  <method>logMessage</method>
  <thread>1</thread>
  <message>Checking timeout</message>
  <nestedLevel>1</nestedLevel>
</record>
<record>
  <date>2018-07-16T18:42:25</date>
  <millis>1531746745629</millis>
  <sequence>37</sequence>
  <level>INFO</level>
  <class>com.kms.katalon.core.logging.KeywordLogger</class>
  <method>logMessage</method>
  <thread>1</thread>
  <message>Finding web element with id: &amp;apos;Object Repository/Page_JobyCo/input_ctl00ContentPlaceHolder1&amp;apos; located by &amp;apos;By.xpath: id(\&amp;quot;ContentPlaceHolder1_txtEmailID\&amp;quot;)[count(. | //input[@name = &amp;apos;ctl00$ContentPlaceHolder1$txtEmailID&amp;apos; and @type = &amp;apos;text&amp;apos; and @maxlength = &amp;apos;255&amp;apos; and @id = &amp;apos;ContentPlaceHolder1_txtEmailID&amp;apos; and @class = &amp;apos;form-control&amp;apos; and @placeholder = &amp;apos;Enter Email&amp;apos; and @title = &amp;apos;Please enter your Email&amp;apos; and @onkeypress = &amp;apos;clearErrorMessage();&amp;apos;]) = count(//input[@name = &amp;apos;ctl00$ContentPlaceHolder1$txtEmailID&amp;apos; and @type = &amp;apos;text&amp;apos; and @maxlength = &amp;apos;255&amp;apos; and @id = &amp;apos;ContentPlaceHolder1_txtEmailID&amp;apos; and @class = &amp;apos;form-control&amp;apos; and @placeholder = &amp;apos;Enter Email&amp;apos; and @title = &amp;apos;Please enter your Email&amp;apos; and @onkeypress = &amp;apos;clearErrorMessage();&amp;apos;])]&amp;apos; in &amp;apos;30&amp;apos; second(s)</message>
  <nestedLevel>1</nestedLevel>
</record>
<record>
  <date>2018-07-16T18:42:25</date>
  <millis>1531746745664</millis>
  <sequence>38</sequence>
  <level>INFO</level>
  <class>com.kms.katalon.core.logging.KeywordLogger</class>
  <method>logMessage</method>
  <thread>1</thread>
  <message>Found 1 web elements with id: &amp;apos;Object Repository/Page_JobyCo/input_ctl00ContentPlaceHolder1&amp;apos; located by &amp;apos;By.xpath: id(\&amp;quot;ContentPlaceHolder1_txtEmailID\&amp;quot;)[count(. | //input[@name = &amp;apos;ctl00$ContentPlaceHolder1$txtEmailID&amp;apos; and @type = &amp;apos;text&amp;apos; and @maxlength = &amp;apos;255&amp;apos; and @id = &amp;apos;ContentPlaceHolder1_txtEmailID&amp;apos; and @class = &amp;apos;form-control&amp;apos; and @placeholder = &amp;apos;Enter Email&amp;apos; and @title = &amp;apos;Please enter your Email&amp;apos; and @onkeypress = &amp;apos;clearErrorMessage();&amp;apos;]) = count(//input[@name = &amp;apos;ctl00$ContentPlaceHolder1$txtEmailID&amp;apos; and @type = &amp;apos;text&amp;apos; and @maxlength = &amp;apos;255&amp;apos; and @id = &amp;apos;ContentPlaceHolder1_txtEmailID&amp;apos; and @class = &amp;apos;form-control&amp;apos; and @placeholder = &amp;apos;Enter Email&amp;apos; and @title = &amp;apos;Please enter your Email&amp;apos; and @onkeypress = &amp;apos;clearErrorMessage();&amp;apos;])]&amp;apos; in &amp;apos;30&amp;apos; second(s)</message>
  <nestedLevel>1</nestedLevel>
</record>
<record>
  <date>2018-07-16T18:42:25</date>
  <millis>1531746745675</millis>
  <sequence>39</sequence>
  <level>INFO</level>
  <class>com.kms.katalon.core.logging.KeywordLogger</class>
  <method>logMessage</method>
  <thread>1</thread>
  <message>Setting text of object &amp;apos;Object Repository/Page_JobyCo/input_ctl00ContentPlaceHolder1&amp;apos; to value &amp;apos;tom@alter.com&amp;apos;</message>
  <nestedLevel>1</nestedLevel>
</record>
<record>
  <date>2018-07-16T18:42:25</date>
  <millis>1531746745847</millis>
  <sequence>40</sequence>
  <level>PASSED</level>
  <class>com.kms.katalon.core.logging.KeywordLogger</class>
  <method>logMessage</method>
  <thread>1</thread>
  <message>Text &amp;apos;tom@alter.com&amp;apos; is set on object &amp;apos;Object Repository/Page_JobyCo/input_ctl00ContentPlaceHolder1&amp;apos;</message>
  <nestedLevel>1</nestedLevel>
</record>
<record>
  <date>2018-07-16T18:42:25</date>
  <millis>1531746745848</millis>
  <sequence>41</sequence>
  <level>END</level>
  <class>com.kms.katalon.core.logging.KeywordLogger</class>
  <method>endKeyword</method>
  <thread>1</thread>
  <message>End action : setText</message>
  <nestedLevel>1</nestedLevel>
</record>
<record>
  <date>2018-07-16T18:42:25</date>
  <millis>1531746745849</millis>
  <sequence>42</sequence>
  <level>START</level>
  <class>com.kms.katalon.core.logging.KeywordLogger</class>
  <method>startKeyword</method>
  <thread>1</thread>
  <message>Start action : setEncryptedText</message>
  <nestedLevel>1</nestedLevel>
  <property name="startLine">30</property>
  <property name="stepIndex">5</property>
</record>
<record>
  <date>2018-07-16T18:42:25</date>
  <millis>1531746745851</millis>
  <sequence>43</sequence>
  <level>INFO</level>
  <class>com.kms.katalon.core.logging.KeywordLogger</class>
  <method>logMessage</method>
  <thread>1</thread>
  <message>Finding Test Object with id &amp;apos;Object Repository/Page_JobyCo/input_ctl00ContentPlaceHolder1_1&amp;apos;</message>
  <nestedLevel>1</nestedLevel>
</record>
<record>
  <date>2018-07-16T18:42:25</date>
  <millis>1531746745904</millis>
  <sequence>44</sequence>
  <level>INFO</level>
  <class>com.kms.katalon.core.logging.KeywordLogger</class>
  <method>logMessage</method>
  <thread>1</thread>
  <message>Checking object</message>
  <nestedLevel>1</nestedLevel>
</record>
<record>
  <date>2018-07-16T18:42:25</date>
  <millis>1531746745905</millis>
  <sequence>45</sequence>
  <level>INFO</level>
  <class>com.kms.katalon.core.logging.KeywordLogger</class>
  <method>logMessage</method>
  <thread>1</thread>
  <message>Checking text</message>
  <nestedLevel>1</nestedLevel>
</record>
<record>
  <date>2018-07-16T18:42:26</date>
  <millis>1531746746100</millis>
  <sequence>46</sequence>
  <level>INFO</level>
  <class>com.kms.katalon.core.logging.KeywordLogger</class>
  <method>logMessage</method>
  <thread>1</thread>
  <message>Checking timeout</message>
  <nestedLevel>1</nestedLevel>
</record>
<record>
  <date>2018-07-16T18:42:26</date>
  <millis>1531746746103</millis>
  <sequence>47</sequence>
  <level>INFO</level>
  <class>com.kms.katalon.core.logging.KeywordLogger</class>
  <method>logMessage</method>
  <thread>1</thread>
  <message>Finding web element with id: &amp;apos;Object Repository/Page_JobyCo/input_ctl00ContentPlaceHolder1_1&amp;apos; located by &amp;apos;By.xpath: id(\&amp;quot;ContentPlaceHolder1_txtPassword\&amp;quot;)[count(. | //input[@name = &amp;apos;ctl00$ContentPlaceHolder1$txtPassword&amp;apos; and @type = &amp;apos;password&amp;apos; and @maxlength = &amp;apos;50&amp;apos; and @id = &amp;apos;ContentPlaceHolder1_txtPassword&amp;apos; and @class = &amp;apos;form-control&amp;apos; and @placeholder = &amp;apos;Enter Password&amp;apos; and @title = &amp;apos;Please enter your Password&amp;apos; and @onkeypress = &amp;apos;clearErrorMessage();&amp;apos;]) = count(//input[@name = &amp;apos;ctl00$ContentPlaceHolder1$txtPassword&amp;apos; and @type = &amp;apos;password&amp;apos; and @maxlength = &amp;apos;50&amp;apos; and @id = &amp;apos;ContentPlaceHolder1_txtPassword&amp;apos; and @class = &amp;apos;form-control&amp;apos; and @placeholder = &amp;apos;Enter Password&amp;apos; and @title = &amp;apos;Please enter your Password&amp;apos; and @onkeypress = &amp;apos;clearErrorMessage();&amp;apos;])]&amp;apos; in &amp;apos;30&amp;apos; second(s)</message>
  <nestedLevel>1</nestedLevel>
</record>
<record>
  <date>2018-07-16T18:42:26</date>
  <millis>1531746746137</millis>
  <sequence>48</sequence>
  <level>INFO</level>
  <class>com.kms.katalon.core.logging.KeywordLogger</class>
  <method>logMessage</method>
  <thread>1</thread>
  <message>Found 1 web elements with id: &amp;apos;Object Repository/Page_JobyCo/input_ctl00ContentPlaceHolder1_1&amp;apos; located by &amp;apos;By.xpath: id(\&amp;quot;ContentPlaceHolder1_txtPassword\&amp;quot;)[count(. | //input[@name = &amp;apos;ctl00$ContentPlaceHolder1$txtPassword&amp;apos; and @type = &amp;apos;password&amp;apos; and @maxlength = &amp;apos;50&amp;apos; and @id = &amp;apos;ContentPlaceHolder1_txtPassword&amp;apos; and @class = &amp;apos;form-control&amp;apos; and @placeholder = &amp;apos;Enter Password&amp;apos; and @title = &amp;apos;Please enter your Password&amp;apos; and @onkeypress = &amp;apos;clearErrorMessage();&amp;apos;]) = count(//input[@name = &amp;apos;ctl00$ContentPlaceHolder1$txtPassword&amp;apos; and @type = &amp;apos;password&amp;apos; and @maxlength = &amp;apos;50&amp;apos; and @id = &amp;apos;ContentPlaceHolder1_txtPassword&amp;apos; and @class = &amp;apos;form-control&amp;apos; and @placeholder = &amp;apos;Enter Password&amp;apos; and @title = &amp;apos;Please enter your Password&amp;apos; and @onkeypress = &amp;apos;clearErrorMessage();&amp;apos;])]&amp;apos; in &amp;apos;30&amp;apos; second(s)</message>
  <nestedLevel>1</nestedLevel>
</record>
<record>
  <date>2018-07-16T18:42:26</date>
  <millis>1531746746138</millis>
  <sequence>49</sequence>
  <level>INFO</level>
  <class>com.kms.katalon.core.logging.KeywordLogger</class>
  <method>logMessage</method>
  <thread>1</thread>
  <message>Clearing text of object &amp;apos;Object Repository/Page_JobyCo/input_ctl00ContentPlaceHolder1_1&amp;apos;</message>
  <nestedLevel>1</nestedLevel>
</record>
<record>
  <date>2018-07-16T18:42:26</date>
  <millis>1531746746179</millis>
  <sequence>50</sequence>
  <level>INFO</level>
  <class>com.kms.katalon.core.logging.KeywordLogger</class>
  <method>logMessage</method>
  <thread>1</thread>
  <message>Setting  text of object &amp;apos;Object Repository/Page_JobyCo/input_ctl00ContentPlaceHolder1_1&amp;apos; to value ******</message>
  <nestedLevel>1</nestedLevel>
</record>
<record>
  <date>2018-07-16T18:42:26</date>
  <millis>1531746746260</millis>
  <sequence>51</sequence>
  <level>PASSED</level>
  <class>com.kms.katalon.core.logging.KeywordLogger</class>
  <method>logMessage</method>
  <thread>1</thread>
  <message>Text ****** has been set on object &amp;apos;Object Repository/Page_JobyCo/input_ctl00ContentPlaceHolder1_1&amp;apos;</message>
  <nestedLevel>1</nestedLevel>
</record>
<record>
  <date>2018-07-16T18:42:26</date>
  <millis>1531746746261</millis>
  <sequence>52</sequence>
  <level>END</level>
  <class>com.kms.katalon.core.logging.KeywordLogger</class>
  <method>endKeyword</method>
  <thread>1</thread>
  <message>End action : setEncryptedText</message>
  <nestedLevel>1</nestedLevel>
</record>
<record>
  <date>2018-07-16T18:42:26</date>
  <millis>1531746746261</millis>
  <sequence>53</sequence>
  <level>START</level>
  <class>com.kms.katalon.core.logging.KeywordLogger</class>
  <method>startKeyword</method>
  <thread>1</thread>
  <message>Start action : click</message>
  <nestedLevel>1</nestedLevel>
  <property name="startLine">32</property>
  <property name="stepIndex">6</property>
</record>
<record>
  <date>2018-07-16T18:42:26</date>
  <millis>1531746746262</millis>
  <sequence>54</sequence>
  <level>INFO</level>
  <class>com.kms.katalon.core.logging.KeywordLogger</class>
  <method>logMessage</method>
  <thread>1</thread>
  <message>Finding Test Object with id &amp;apos;Object Repository/Page_JobyCo/input_ctl00ContentPlaceHolder1_2&amp;apos;</message>
  <nestedLevel>1</nestedLevel>
</record>
<record>
  <date>2018-07-16T18:42:26</date>
  <millis>1531746746294</millis>
  <sequence>55</sequence>
  <level>INFO</level>
  <class>com.kms.katalon.core.logging.KeywordLogger</class>
  <method>logMessage</method>
  <thread>1</thread>
  <message>Checking object</message>
  <nestedLevel>1</nestedLevel>
</record>
<record>
  <date>2018-07-16T18:42:26</date>
  <millis>1531746746295</millis>
  <sequence>56</sequence>
  <level>INFO</level>
  <class>com.kms.katalon.core.logging.KeywordLogger</class>
  <method>logMessage</method>
  <thread>1</thread>
  <message>Checking timeout</message>
  <nestedLevel>1</nestedLevel>
</record>
<record>
  <date>2018-07-16T18:42:26</date>
  <millis>1531746746296</millis>
  <sequence>57</sequence>
  <level>INFO</level>
  <class>com.kms.katalon.core.logging.KeywordLogger</class>
  <method>logMessage</method>
  <thread>1</thread>
  <message>Finding web element with id: &amp;apos;Object Repository/Page_JobyCo/input_ctl00ContentPlaceHolder1_2&amp;apos; located by &amp;apos;By.xpath: id(\&amp;quot;ContentPlaceHolder1_btnLogin\&amp;quot;)[count(. | //input[@type = &amp;apos;submit&amp;apos; and @name = &amp;apos;ctl00$ContentPlaceHolder1$btnLogin&amp;apos; and @value = &amp;apos;Login&amp;apos; and @onclick = &amp;apos;return checkBlankTextBoxes();&amp;apos; and @id = &amp;apos;ContentPlaceHolder1_btnLogin&amp;apos; and @class = &amp;apos;inSGNbtn&amp;apos;]) = count(//input[@type = &amp;apos;submit&amp;apos; and @name = &amp;apos;ctl00$ContentPlaceHolder1$btnLogin&amp;apos; and @value = &amp;apos;Login&amp;apos; and @onclick = &amp;apos;return checkBlankTextBoxes();&amp;apos; and @id = &amp;apos;ContentPlaceHolder1_btnLogin&amp;apos; and @class = &amp;apos;inSGNbtn&amp;apos;])]&amp;apos; in &amp;apos;30&amp;apos; second(s)</message>
  <nestedLevel>1</nestedLevel>
</record>
<record>
  <date>2018-07-16T18:42:26</date>
  <millis>1531746746334</millis>
  <sequence>58</sequence>
  <level>INFO</level>
  <class>com.kms.katalon.core.logging.KeywordLogger</class>
  <method>logMessage</method>
  <thread>1</thread>
  <message>Found 1 web elements with id: &amp;apos;Object Repository/Page_JobyCo/input_ctl00ContentPlaceHolder1_2&amp;apos; located by &amp;apos;By.xpath: id(\&amp;quot;ContentPlaceHolder1_btnLogin\&amp;quot;)[count(. | //input[@type = &amp;apos;submit&amp;apos; and @name = &amp;apos;ctl00$ContentPlaceHolder1$btnLogin&amp;apos; and @value = &amp;apos;Login&amp;apos; and @onclick = &amp;apos;return checkBlankTextBoxes();&amp;apos; and @id = &amp;apos;ContentPlaceHolder1_btnLogin&amp;apos; and @class = &amp;apos;inSGNbtn&amp;apos;]) = count(//input[@type = &amp;apos;submit&amp;apos; and @name = &amp;apos;ctl00$ContentPlaceHolder1$btnLogin&amp;apos; and @value = &amp;apos;Login&amp;apos; and @onclick = &amp;apos;return checkBlankTextBoxes();&amp;apos; and @id = &amp;apos;ContentPlaceHolder1_btnLogin&amp;apos; and @class = &amp;apos;inSGNbtn&amp;apos;])]&amp;apos; in &amp;apos;30&amp;apos; second(s)</message>
  <nestedLevel>1</nestedLevel>
</record>
<record>
  <date>2018-07-16T18:42:26</date>
  <millis>1531746746335</millis>
  <sequence>59</sequence>
  <level>INFO</level>
  <class>com.kms.katalon.core.logging.KeywordLogger</class>
  <method>logMessage</method>
  <thread>1</thread>
  <message>Clicking on object: &amp;apos;Object Repository/Page_JobyCo/input_ctl00ContentPlaceHolder1_2&amp;apos;</message>
  <nestedLevel>1</nestedLevel>
</record>
<record>
  <date>2018-07-16T18:42:29</date>
  <millis>1531746749062</millis>
  <sequence>60</sequence>
  <level>PASSED</level>
  <class>com.kms.katalon.core.logging.KeywordLogger</class>
  <method>logMessage</method>
  <thread>1</thread>
  <message>Object: &amp;apos;Object Repository/Page_JobyCo/input_ctl00ContentPlaceHolder1_2&amp;apos; is clicked on</message>
  <nestedLevel>1</nestedLevel>
</record>
<record>
  <date>2018-07-16T18:42:29</date>
  <millis>1531746749063</millis>
  <sequence>61</sequence>
  <level>END</level>
  <class>com.kms.katalon.core.logging.KeywordLogger</class>
  <method>endKeyword</method>
  <thread>1</thread>
  <message>End action : click</message>
  <nestedLevel>1</nestedLevel>
</record>
<record>
  <date>2018-07-16T18:42:29</date>
  <millis>1531746749064</millis>
  <sequence>62</sequence>
  <level>START</level>
  <class>com.kms.katalon.core.logging.KeywordLogger</class>
  <method>startKeyword</method>
  <thread>1</thread>
  <message>Start action : click</message>
  <nestedLevel>1</nestedLevel>
  <property name="startLine">34</property>
  <property name="stepIndex">7</property>
</record>
<record>
  <date>2018-07-16T18:42:29</date>
  <millis>1531746749065</millis>
  <sequence>63</sequence>
  <level>INFO</level>
  <class>com.kms.katalon.core.logging.KeywordLogger</class>
  <method>logMessage</method>
  <thread>1</thread>
  <message>Finding Test Object with id &amp;apos;Object Repository/Warehouse/Page_/button_toggle navigation (1)&amp;apos;</message>
  <nestedLevel>1</nestedLevel>
</record>
<record>
  <date>2018-07-16T18:42:29</date>
  <millis>1531746749071</millis>
  <sequence>64</sequence>
  <level>INFO</level>
  <class>com.kms.katalon.core.logging.KeywordLogger</class>
  <method>logMessage</method>
  <thread>1</thread>
  <message>Checking object</message>
  <nestedLevel>1</nestedLevel>
</record>
<record>
  <date>2018-07-16T18:42:29</date>
  <millis>1531746749072</millis>
  <sequence>65</sequence>
  <level>INFO</level>
  <class>com.kms.katalon.core.logging.KeywordLogger</class>
  <method>logMessage</method>
  <thread>1</thread>
  <message>Checking timeout</message>
  <nestedLevel>1</nestedLevel>
</record>
<record>
  <date>2018-07-16T18:42:29</date>
  <millis>1531746749074</millis>
  <sequence>66</sequence>
  <level>INFO</level>
  <class>com.kms.katalon.core.logging.KeywordLogger</class>
  <method>logMessage</method>
  <thread>1</thread>
  <message>Finding web element with id: &amp;apos;Object Repository/Warehouse/Page_/button_toggle navigation (1)&amp;apos; located by &amp;apos;By.xpath: /html[1]/body[@class=\&amp;quot;drawer drawer--left drawer-close darkBG\&amp;quot;]/div[3]/header[1]/button[@class=\&amp;quot;drawer-toggle drawer-hamburger flash\&amp;quot;][count(. | //button[@type = &amp;apos;button&amp;apos; and @class = &amp;apos;drawer-toggle drawer-hamburger flash&amp;apos; and (text() = &amp;apos;\n              toggle navigation\n              \n            &amp;apos; or . = &amp;apos;\n              toggle navigation\n              \n            &amp;apos;)]) = count(//button[@type = &amp;apos;button&amp;apos; and @class = &amp;apos;drawer-toggle drawer-hamburger flash&amp;apos; and (text() = &amp;apos;\n              toggle navigation\n              \n            &amp;apos; or . = &amp;apos;\n              toggle navigation\n              \n            &amp;apos;)])]&amp;apos; in &amp;apos;30&amp;apos; second(s)</message>
  <nestedLevel>1</nestedLevel>
</record>
<record>
  <date>2018-07-16T18:42:29</date>
  <millis>1531746749113</millis>
  <sequence>67</sequence>
  <level>INFO</level>
  <class>com.kms.katalon.core.logging.KeywordLogger</class>
  <method>logMessage</method>
  <thread>1</thread>
  <message>Found 1 web elements with id: &amp;apos;Object Repository/Warehouse/Page_/button_toggle navigation (1)&amp;apos; located by &amp;apos;By.xpath: /html[1]/body[@class=\&amp;quot;drawer drawer--left drawer-close darkBG\&amp;quot;]/div[3]/header[1]/button[@class=\&amp;quot;drawer-toggle drawer-hamburger flash\&amp;quot;][count(. | //button[@type = &amp;apos;button&amp;apos; and @class = &amp;apos;drawer-toggle drawer-hamburger flash&amp;apos; and (text() = &amp;apos;\n              toggle navigation\n              \n            &amp;apos; or . = &amp;apos;\n              toggle navigation\n              \n            &amp;apos;)]) = count(//button[@type = &amp;apos;button&amp;apos; and @class = &amp;apos;drawer-toggle drawer-hamburger flash&amp;apos; and (text() = &amp;apos;\n              toggle navigation\n              \n            &amp;apos; or . = &amp;apos;\n              toggle navigation\n              \n            &amp;apos;)])]&amp;apos; in &amp;apos;30&amp;apos; second(s)</message>
  <nestedLevel>1</nestedLevel>
</record>
<record>
  <date>2018-07-16T18:42:29</date>
  <millis>1531746749114</millis>
  <sequence>68</sequence>
  <level>INFO</level>
  <class>com.kms.katalon.core.logging.KeywordLogger</class>
  <method>logMessage</method>
  <thread>1</thread>
  <message>Clicking on object: &amp;apos;Object Repository/Warehouse/Page_/button_toggle navigation (1)&amp;apos;</message>
  <nestedLevel>1</nestedLevel>
</record>
<record>
  <date>2018-07-16T18:42:29</date>
  <millis>1531746749192</millis>
  <sequence>69</sequence>
  <level>PASSED</level>
  <class>com.kms.katalon.core.logging.KeywordLogger</class>
  <method>logMessage</method>
  <thread>1</thread>
  <message>Object: &amp;apos;Object Repository/Warehouse/Page_/button_toggle navigation (1)&amp;apos; is clicked on</message>
  <nestedLevel>1</nestedLevel>
</record>
<record>
  <date>2018-07-16T18:42:29</date>
  <millis>1531746749193</millis>
  <sequence>70</sequence>
  <level>END</level>
  <class>com.kms.katalon.core.logging.KeywordLogger</class>
  <method>endKeyword</method>
  <thread>1</thread>
  <message>End action : click</message>
  <nestedLevel>1</nestedLevel>
</record>
<record>
  <date>2018-07-16T18:42:29</date>
  <millis>1531746749193</millis>
  <sequence>71</sequence>
  <level>START</level>
  <class>com.kms.katalon.core.logging.KeywordLogger</class>
  <method>startKeyword</method>
  <thread>1</thread>
  <message>Start action : click</message>
  <nestedLevel>1</nestedLevel>
  <property name="startLine">36</property>
  <property name="stepIndex">8</property>
</record>
<record>
  <date>2018-07-16T18:42:29</date>
  <millis>1531746749195</millis>
  <sequence>72</sequence>
  <level>INFO</level>
  <class>com.kms.katalon.core.logging.KeywordLogger</class>
  <method>logMessage</method>
  <thread>1</thread>
  <message>Finding Test Object with id &amp;apos;Object Repository/Warehouse/Page_/a_Warehouse (1)&amp;apos;</message>
  <nestedLevel>1</nestedLevel>
</record>
<record>
  <date>2018-07-16T18:42:29</date>
  <millis>1531746749201</millis>
  <sequence>73</sequence>
  <level>INFO</level>
  <class>com.kms.katalon.core.logging.KeywordLogger</class>
  <method>logMessage</method>
  <thread>1</thread>
  <message>Checking object</message>
  <nestedLevel>1</nestedLevel>
</record>
<record>
  <date>2018-07-16T18:42:29</date>
  <millis>1531746749201</millis>
  <sequence>74</sequence>
  <level>INFO</level>
  <class>com.kms.katalon.core.logging.KeywordLogger</class>
  <method>logMessage</method>
  <thread>1</thread>
  <message>Checking timeout</message>
  <nestedLevel>1</nestedLevel>
</record>
<record>
  <date>2018-07-16T18:42:29</date>
  <millis>1531746749202</millis>
  <sequence>75</sequence>
  <level>INFO</level>
  <class>com.kms.katalon.core.logging.KeywordLogger</class>
  <method>logMessage</method>
  <thread>1</thread>
  <message>Finding web element with id: &amp;apos;Object Repository/Warehouse/Page_/a_Warehouse (1)&amp;apos; located by &amp;apos;By.xpath: /html[1]/body[@class=\&amp;quot;drawer drawer--left darkBG drawer-open\&amp;quot;]/div[3]/header[1]/nav[@class=\&amp;quot;drawer-nav\&amp;quot;]/ul[@class=\&amp;quot;drawer-menu\&amp;quot;]/li[@class=\&amp;quot;drawer-dropdown\&amp;quot;]/a[@class=\&amp;quot;drawer-menu-item\&amp;quot;][count(. | //a[@class = &amp;apos;drawer-menu-item&amp;apos; and @href = &amp;apos;#&amp;apos; and @data-toggle = &amp;apos;dropdown&amp;apos; and @role = &amp;apos;button&amp;apos; and @aria-expanded = &amp;apos;false&amp;apos; and (text() = &amp;apos;\n                        Warehouse \n                      &amp;apos; or . = &amp;apos;\n                        Warehouse \n                      &amp;apos;)]) = count(//a[@class = &amp;apos;drawer-menu-item&amp;apos; and @href = &amp;apos;#&amp;apos; and @data-toggle = &amp;apos;dropdown&amp;apos; and @role = &amp;apos;button&amp;apos; and @aria-expanded = &amp;apos;false&amp;apos; and (text() = &amp;apos;\n                        Warehouse \n                      &amp;apos; or . = &amp;apos;\n                        Warehouse \n                      &amp;apos;)])]&amp;apos; in &amp;apos;30&amp;apos; second(s)</message>
  <nestedLevel>1</nestedLevel>
</record>
<record>
  <date>2018-07-16T18:42:29</date>
  <millis>1531746749247</millis>
  <sequence>76</sequence>
  <level>INFO</level>
  <class>com.kms.katalon.core.logging.KeywordLogger</class>
  <method>logMessage</method>
  <thread>1</thread>
  <message>Found 1 web elements with id: &amp;apos;Object Repository/Warehouse/Page_/a_Warehouse (1)&amp;apos; located by &amp;apos;By.xpath: /html[1]/body[@class=\&amp;quot;drawer drawer--left darkBG drawer-open\&amp;quot;]/div[3]/header[1]/nav[@class=\&amp;quot;drawer-nav\&amp;quot;]/ul[@class=\&amp;quot;drawer-menu\&amp;quot;]/li[@class=\&amp;quot;drawer-dropdown\&amp;quot;]/a[@class=\&amp;quot;drawer-menu-item\&amp;quot;][count(. | //a[@class = &amp;apos;drawer-menu-item&amp;apos; and @href = &amp;apos;#&amp;apos; and @data-toggle = &amp;apos;dropdown&amp;apos; and @role = &amp;apos;button&amp;apos; and @aria-expanded = &amp;apos;false&amp;apos; and (text() = &amp;apos;\n                        Warehouse \n                      &amp;apos; or . = &amp;apos;\n                        Warehouse \n                      &amp;apos;)]) = count(//a[@class = &amp;apos;drawer-menu-item&amp;apos; and @href = &amp;apos;#&amp;apos; and @data-toggle = &amp;apos;dropdown&amp;apos; and @role = &amp;apos;button&amp;apos; and @aria-expanded = &amp;apos;false&amp;apos; and (text() = &amp;apos;\n                        Warehouse \n                      &amp;apos; or . = &amp;apos;\n                        Warehouse \n                      &amp;apos;)])]&amp;apos; in &amp;apos;30&amp;apos; second(s)</message>
  <nestedLevel>1</nestedLevel>
</record>
<record>
  <date>2018-07-16T18:42:29</date>
  <millis>1531746749248</millis>
  <sequence>77</sequence>
  <level>INFO</level>
  <class>com.kms.katalon.core.logging.KeywordLogger</class>
  <method>logMessage</method>
  <thread>1</thread>
  <message>Clicking on object: &amp;apos;Object Repository/Warehouse/Page_/a_Warehouse (1)&amp;apos;</message>
  <nestedLevel>1</nestedLevel>
</record>
<record>
  <date>2018-07-16T18:42:29</date>
  <millis>1531746749357</millis>
  <sequence>78</sequence>
  <level>PASSED</level>
  <class>com.kms.katalon.core.logging.KeywordLogger</class>
  <method>logMessage</method>
  <thread>1</thread>
  <message>Object: &amp;apos;Object Repository/Warehouse/Page_/a_Warehouse (1)&amp;apos; is clicked on</message>
  <nestedLevel>1</nestedLevel>
</record>
<record>
  <date>2018-07-16T18:42:29</date>
  <millis>1531746749358</millis>
  <sequence>79</sequence>
  <level>END</level>
  <class>com.kms.katalon.core.logging.KeywordLogger</class>
  <method>endKeyword</method>
  <thread>1</thread>
  <message>End action : click</message>
  <nestedLevel>1</nestedLevel>
</record>
<record>
  <date>2018-07-16T18:42:29</date>
  <millis>1531746749359</millis>
  <sequence>80</sequence>
  <level>START</level>
  <class>com.kms.katalon.core.logging.KeywordLogger</class>
  <method>startKeyword</method>
  <thread>1</thread>
  <message>Start action : click</message>
  <nestedLevel>1</nestedLevel>
  <property name="startLine">38</property>
  <property name="stepIndex">9</property>
</record>
<record>
  <date>2018-07-16T18:42:29</date>
  <millis>1531746749359</millis>
  <sequence>81</sequence>
  <level>INFO</level>
  <class>com.kms.katalon.core.logging.KeywordLogger</class>
  <method>logMessage</method>
  <thread>1</thread>
  <message>Finding Test Object with id &amp;apos;Object Repository/Warehouse/Page_/a_New Warehouse (1)&amp;apos;</message>
  <nestedLevel>1</nestedLevel>
</record>
<record>
  <date>2018-07-16T18:42:29</date>
  <millis>1531746749364</millis>
  <sequence>82</sequence>
  <level>INFO</level>
  <class>com.kms.katalon.core.logging.KeywordLogger</class>
  <method>logMessage</method>
  <thread>1</thread>
  <message>Checking object</message>
  <nestedLevel>1</nestedLevel>
</record>
<record>
  <date>2018-07-16T18:42:29</date>
  <millis>1531746749365</millis>
  <sequence>83</sequence>
  <level>INFO</level>
  <class>com.kms.katalon.core.logging.KeywordLogger</class>
  <method>logMessage</method>
  <thread>1</thread>
  <message>Checking timeout</message>
  <nestedLevel>1</nestedLevel>
</record>
<record>
  <date>2018-07-16T18:42:29</date>
  <millis>1531746749367</millis>
  <sequence>84</sequence>
  <level>INFO</level>
  <class>com.kms.katalon.core.logging.KeywordLogger</class>
  <method>logMessage</method>
  <thread>1</thread>
  <message>Finding web element with id: &amp;apos;Object Repository/Warehouse/Page_/a_New Warehouse (1)&amp;apos; located by &amp;apos;By.xpath: /html[1]/body[@class=\&amp;quot;drawer drawer--left darkBG drawer-open\&amp;quot;]/div[3]/header[1]/nav[@class=\&amp;quot;drawer-nav\&amp;quot;]/ul[@class=\&amp;quot;drawer-menu\&amp;quot;]/li[@class=\&amp;quot;drawer-dropdown open\&amp;quot;]/ul[@class=\&amp;quot;drawer-dropdown-menu\&amp;quot;]/li[1]/a[@class=\&amp;quot;drawer-dropdown-menu-item\&amp;quot;][count(. | //a[@class = &amp;apos;drawer-dropdown-menu-item&amp;apos; and @href = &amp;apos;/Warehouse/NewWarehouse.aspx&amp;apos; and (text() = &amp;apos;New Warehouse&amp;apos; or . = &amp;apos;New Warehouse&amp;apos;)]) = count(//a[@class = &amp;apos;drawer-dropdown-menu-item&amp;apos; and @href = &amp;apos;/Warehouse/NewWarehouse.aspx&amp;apos; and (text() = &amp;apos;New Warehouse&amp;apos; or . = &amp;apos;New Warehouse&amp;apos;)])]&amp;apos; in &amp;apos;30&amp;apos; second(s)</message>
  <nestedLevel>1</nestedLevel>
</record>
<record>
  <date>2018-07-16T18:42:29</date>
  <millis>1531746749404</millis>
  <sequence>85</sequence>
  <level>INFO</level>
  <class>com.kms.katalon.core.logging.KeywordLogger</class>
  <method>logMessage</method>
  <thread>1</thread>
  <message>Found 1 web elements with id: &amp;apos;Object Repository/Warehouse/Page_/a_New Warehouse (1)&amp;apos; located by &amp;apos;By.xpath: /html[1]/body[@class=\&amp;quot;drawer drawer--left darkBG drawer-open\&amp;quot;]/div[3]/header[1]/nav[@class=\&amp;quot;drawer-nav\&amp;quot;]/ul[@class=\&amp;quot;drawer-menu\&amp;quot;]/li[@class=\&amp;quot;drawer-dropdown open\&amp;quot;]/ul[@class=\&amp;quot;drawer-dropdown-menu\&amp;quot;]/li[1]/a[@class=\&amp;quot;drawer-dropdown-menu-item\&amp;quot;][count(. | //a[@class = &amp;apos;drawer-dropdown-menu-item&amp;apos; and @href = &amp;apos;/Warehouse/NewWarehouse.aspx&amp;apos; and (text() = &amp;apos;New Warehouse&amp;apos; or . = &amp;apos;New Warehouse&amp;apos;)]) = count(//a[@class = &amp;apos;drawer-dropdown-menu-item&amp;apos; and @href = &amp;apos;/Warehouse/NewWarehouse.aspx&amp;apos; and (text() = &amp;apos;New Warehouse&amp;apos; or . = &amp;apos;New Warehouse&amp;apos;)])]&amp;apos; in &amp;apos;30&amp;apos; second(s)</message>
  <nestedLevel>1</nestedLevel>
</record>
<record>
  <date>2018-07-16T18:42:29</date>
  <millis>1531746749405</millis>
  <sequence>86</sequence>
  <level>INFO</level>
  <class>com.kms.katalon.core.logging.KeywordLogger</class>
  <method>logMessage</method>
  <thread>1</thread>
  <message>Clicking on object: &amp;apos;Object Repository/Warehouse/Page_/a_New Warehouse (1)&amp;apos;</message>
  <nestedLevel>1</nestedLevel>
</record>
<record>
  <date>2018-07-16T18:42:29</date>
  <millis>1531746749965</millis>
  <sequence>87</sequence>
  <level>PASSED</level>
  <class>com.kms.katalon.core.logging.KeywordLogger</class>
  <method>logMessage</method>
  <thread>1</thread>
  <message>Object: &amp;apos;Object Repository/Warehouse/Page_/a_New Warehouse (1)&amp;apos; is clicked on</message>
  <nestedLevel>1</nestedLevel>
</record>
<record>
  <date>2018-07-16T18:42:29</date>
  <millis>1531746749966</millis>
  <sequence>88</sequence>
  <level>END</level>
  <class>com.kms.katalon.core.logging.KeywordLogger</class>
  <method>endKeyword</method>
  <thread>1</thread>
  <message>End action : click</message>
  <nestedLevel>1</nestedLevel>
</record>
<record>
  <date>2018-07-16T18:42:29</date>
  <millis>1531746749967</millis>
  <sequence>89</sequence>
  <level>START</level>
  <class>com.kms.katalon.core.logging.KeywordLogger</class>
  <method>startKeyword</method>
  <thread>1</thread>
  <message>Start action : click</message>
  <nestedLevel>1</nestedLevel>
  <property name="startLine">40</property>
  <property name="stepIndex">10</property>
</record>
<record>
  <date>2018-07-16T18:42:29</date>
  <millis>1531746749968</millis>
  <sequence>90</sequence>
  <level>INFO</level>
  <class>com.kms.katalon.core.logging.KeywordLogger</class>
  <method>logMessage</method>
  <thread>1</thread>
  <message>Finding Test Object with id &amp;apos;Object Repository/Warehouse/Page_/button_toggle navigation (1)&amp;apos;</message>
  <nestedLevel>1</nestedLevel>
</record>
<record>
  <date>2018-07-16T18:42:29</date>
  <millis>1531746749973</millis>
  <sequence>91</sequence>
  <level>INFO</level>
  <class>com.kms.katalon.core.logging.KeywordLogger</class>
  <method>logMessage</method>
  <thread>1</thread>
  <message>Checking object</message>
  <nestedLevel>1</nestedLevel>
</record>
<record>
  <date>2018-07-16T18:42:29</date>
  <millis>1531746749974</millis>
  <sequence>92</sequence>
  <level>INFO</level>
  <class>com.kms.katalon.core.logging.KeywordLogger</class>
  <method>logMessage</method>
  <thread>1</thread>
  <message>Checking timeout</message>
  <nestedLevel>1</nestedLevel>
</record>
<record>
  <date>2018-07-16T18:42:29</date>
  <millis>1531746749975</millis>
  <sequence>93</sequence>
  <level>INFO</level>
  <class>com.kms.katalon.core.logging.KeywordLogger</class>
  <method>logMessage</method>
  <thread>1</thread>
  <message>Finding web element with id: &amp;apos;Object Repository/Warehouse/Page_/button_toggle navigation (1)&amp;apos; located by &amp;apos;By.xpath: /html[1]/body[@class=\&amp;quot;drawer drawer--left drawer-close darkBG\&amp;quot;]/div[3]/header[1]/button[@class=\&amp;quot;drawer-toggle drawer-hamburger flash\&amp;quot;][count(. | //button[@type = &amp;apos;button&amp;apos; and @class = &amp;apos;drawer-toggle drawer-hamburger flash&amp;apos; and (text() = &amp;apos;\n              toggle navigation\n              \n            &amp;apos; or . = &amp;apos;\n              toggle navigation\n              \n            &amp;apos;)]) = count(//button[@type = &amp;apos;button&amp;apos; and @class = &amp;apos;drawer-toggle drawer-hamburger flash&amp;apos; and (text() = &amp;apos;\n              toggle navigation\n              \n            &amp;apos; or . = &amp;apos;\n              toggle navigation\n              \n            &amp;apos;)])]&amp;apos; in &amp;apos;30&amp;apos; second(s)</message>
  <nestedLevel>1</nestedLevel>
</record>
<record>
  <date>2018-07-16T18:42:30</date>
  <millis>1531746750008</millis>
  <sequence>94</sequence>
  <level>INFO</level>
  <class>com.kms.katalon.core.logging.KeywordLogger</class>
  <method>logMessage</method>
  <thread>1</thread>
  <message>Found 1 web elements with id: &amp;apos;Object Repository/Warehouse/Page_/button_toggle navigation (1)&amp;apos; located by &amp;apos;By.xpath: /html[1]/body[@class=\&amp;quot;drawer drawer--left drawer-close darkBG\&amp;quot;]/div[3]/header[1]/button[@class=\&amp;quot;drawer-toggle drawer-hamburger flash\&amp;quot;][count(. | //button[@type = &amp;apos;button&amp;apos; and @class = &amp;apos;drawer-toggle drawer-hamburger flash&amp;apos; and (text() = &amp;apos;\n              toggle navigation\n              \n            &amp;apos; or . = &amp;apos;\n              toggle navigation\n              \n            &amp;apos;)]) = count(//button[@type = &amp;apos;button&amp;apos; and @class = &amp;apos;drawer-toggle drawer-hamburger flash&amp;apos; and (text() = &amp;apos;\n              toggle navigation\n              \n            &amp;apos; or . = &amp;apos;\n              toggle navigation\n              \n            &amp;apos;)])]&amp;apos; in &amp;apos;30&amp;apos; second(s)</message>
  <nestedLevel>1</nestedLevel>
</record>
<record>
  <date>2018-07-16T18:42:30</date>
  <millis>1531746750009</millis>
  <sequence>95</sequence>
  <level>INFO</level>
  <class>com.kms.katalon.core.logging.KeywordLogger</class>
  <method>logMessage</method>
  <thread>1</thread>
  <message>Clicking on object: &amp;apos;Object Repository/Warehouse/Page_/button_toggle navigation (1)&amp;apos;</message>
  <nestedLevel>1</nestedLevel>
</record>
<record>
  <date>2018-07-16T18:42:30</date>
  <millis>1531746750098</millis>
  <sequence>96</sequence>
  <level>PASSED</level>
  <class>com.kms.katalon.core.logging.KeywordLogger</class>
  <method>logMessage</method>
  <thread>1</thread>
  <message>Object: &amp;apos;Object Repository/Warehouse/Page_/button_toggle navigation (1)&amp;apos; is clicked on</message>
  <nestedLevel>1</nestedLevel>
</record>
<record>
  <date>2018-07-16T18:42:30</date>
  <millis>1531746750101</millis>
  <sequence>97</sequence>
  <level>END</level>
  <class>com.kms.katalon.core.logging.KeywordLogger</class>
  <method>endKeyword</method>
  <thread>1</thread>
  <message>End action : click</message>
  <nestedLevel>1</nestedLevel>
</record>
<record>
  <date>2018-07-16T18:42:30</date>
  <millis>1531746750101</millis>
  <sequence>98</sequence>
  <level>START</level>
  <class>com.kms.katalon.core.logging.KeywordLogger</class>
  <method>startKeyword</method>
  <thread>1</thread>
  <message>Start action : click</message>
  <nestedLevel>1</nestedLevel>
  <property name="startLine">42</property>
  <property name="stepIndex">11</property>
</record>
<record>
  <date>2018-07-16T18:42:30</date>
  <millis>1531746750104</millis>
  <sequence>99</sequence>
  <level>INFO</level>
  <class>com.kms.katalon.core.logging.KeywordLogger</class>
  <method>logMessage</method>
  <thread>1</thread>
  <message>Finding Test Object with id &amp;apos;Object Repository/Warehouse/Page_/a_Warehouse (1)&amp;apos;</message>
  <nestedLevel>1</nestedLevel>
</record>
<record>
  <date>2018-07-16T18:42:30</date>
  <millis>1531746750110</millis>
  <sequence>100</sequence>
  <level>INFO</level>
  <class>com.kms.katalon.core.logging.KeywordLogger</class>
  <method>logMessage</method>
  <thread>1</thread>
  <message>Checking object</message>
  <nestedLevel>1</nestedLevel>
</record>
<record>
  <date>2018-07-16T18:42:30</date>
  <millis>1531746750110</millis>
  <sequence>101</sequence>
  <level>INFO</level>
  <class>com.kms.katalon.core.logging.KeywordLogger</class>
  <method>logMessage</method>
  <thread>1</thread>
  <message>Checking timeout</message>
  <nestedLevel>1</nestedLevel>
</record>
<record>
  <date>2018-07-16T18:42:30</date>
  <millis>1531746750112</millis>
  <sequence>102</sequence>
  <level>INFO</level>
  <class>com.kms.katalon.core.logging.KeywordLogger</class>
  <method>logMessage</method>
  <thread>1</thread>
  <message>Finding web element with id: &amp;apos;Object Repository/Warehouse/Page_/a_Warehouse (1)&amp;apos; located by &amp;apos;By.xpath: /html[1]/body[@class=\&amp;quot;drawer drawer--left darkBG drawer-open\&amp;quot;]/div[3]/header[1]/nav[@class=\&amp;quot;drawer-nav\&amp;quot;]/ul[@class=\&amp;quot;drawer-menu\&amp;quot;]/li[@class=\&amp;quot;drawer-dropdown\&amp;quot;]/a[@class=\&amp;quot;drawer-menu-item\&amp;quot;][count(. | //a[@class = &amp;apos;drawer-menu-item&amp;apos; and @href = &amp;apos;#&amp;apos; and @data-toggle = &amp;apos;dropdown&amp;apos; and @role = &amp;apos;button&amp;apos; and @aria-expanded = &amp;apos;false&amp;apos; and (text() = &amp;apos;\n                        Warehouse \n                      &amp;apos; or . = &amp;apos;\n                        Warehouse \n                      &amp;apos;)]) = count(//a[@class = &amp;apos;drawer-menu-item&amp;apos; and @href = &amp;apos;#&amp;apos; and @data-toggle = &amp;apos;dropdown&amp;apos; and @role = &amp;apos;button&amp;apos; and @aria-expanded = &amp;apos;false&amp;apos; and (text() = &amp;apos;\n                        Warehouse \n                      &amp;apos; or . = &amp;apos;\n                        Warehouse \n                      &amp;apos;)])]&amp;apos; in &amp;apos;30&amp;apos; second(s)</message>
  <nestedLevel>1</nestedLevel>
</record>
<record>
  <date>2018-07-16T18:42:30</date>
  <millis>1531746750176</millis>
  <sequence>103</sequence>
  <level>INFO</level>
  <class>com.kms.katalon.core.logging.KeywordLogger</class>
  <method>logMessage</method>
  <thread>1</thread>
  <message>Found 1 web elements with id: &amp;apos;Object Repository/Warehouse/Page_/a_Warehouse (1)&amp;apos; located by &amp;apos;By.xpath: /html[1]/body[@class=\&amp;quot;drawer drawer--left darkBG drawer-open\&amp;quot;]/div[3]/header[1]/nav[@class=\&amp;quot;drawer-nav\&amp;quot;]/ul[@class=\&amp;quot;drawer-menu\&amp;quot;]/li[@class=\&amp;quot;drawer-dropdown\&amp;quot;]/a[@class=\&amp;quot;drawer-menu-item\&amp;quot;][count(. | //a[@class = &amp;apos;drawer-menu-item&amp;apos; and @href = &amp;apos;#&amp;apos; and @data-toggle = &amp;apos;dropdown&amp;apos; and @role = &amp;apos;button&amp;apos; and @aria-expanded = &amp;apos;false&amp;apos; and (text() = &amp;apos;\n                        Warehouse \n                      &amp;apos; or . = &amp;apos;\n                        Warehouse \n                      &amp;apos;)]) = count(//a[@class = &amp;apos;drawer-menu-item&amp;apos; and @href = &amp;apos;#&amp;apos; and @data-toggle = &amp;apos;dropdown&amp;apos; and @role = &amp;apos;button&amp;apos; and @aria-expanded = &amp;apos;false&amp;apos; and (text() = &amp;apos;\n                        Warehouse \n                      &amp;apos; or . = &amp;apos;\n                        Warehouse \n                      &amp;apos;)])]&amp;apos; in &amp;apos;30&amp;apos; second(s)</message>
  <nestedLevel>1</nestedLevel>
</record>
<record>
  <date>2018-07-16T18:42:30</date>
  <millis>1531746750177</millis>
  <sequence>104</sequence>
  <level>INFO</level>
  <class>com.kms.katalon.core.logging.KeywordLogger</class>
  <method>logMessage</method>
  <thread>1</thread>
  <message>Clicking on object: &amp;apos;Object Repository/Warehouse/Page_/a_Warehouse (1)&amp;apos;</message>
  <nestedLevel>1</nestedLevel>
</record>
<record>
  <date>2018-07-16T18:42:30</date>
  <millis>1531746750495</millis>
  <sequence>105</sequence>
  <level>PASSED</level>
  <class>com.kms.katalon.core.logging.KeywordLogger</class>
  <method>logMessage</method>
  <thread>1</thread>
  <message>Object: &amp;apos;Object Repository/Warehouse/Page_/a_Warehouse (1)&amp;apos; is clicked on</message>
  <nestedLevel>1</nestedLevel>
</record>
<record>
  <date>2018-07-16T18:42:30</date>
  <millis>1531746750496</millis>
  <sequence>106</sequence>
  <level>END</level>
  <class>com.kms.katalon.core.logging.KeywordLogger</class>
  <method>endKeyword</method>
  <thread>1</thread>
  <message>End action : click</message>
  <nestedLevel>1</nestedLevel>
</record>
<record>
  <date>2018-07-16T18:42:30</date>
  <millis>1531746750497</millis>
  <sequence>107</sequence>
  <level>START</level>
  <class>com.kms.katalon.core.logging.KeywordLogger</class>
  <method>startKeyword</method>
  <thread>1</thread>
  <message>Start action : click</message>
  <nestedLevel>1</nestedLevel>
  <property name="startLine">44</property>
  <property name="stepIndex">12</property>
</record>
<record>
  <date>2018-07-16T18:42:30</date>
  <millis>1531746750498</millis>
  <sequence>108</sequence>
  <level>INFO</level>
  <class>com.kms.katalon.core.logging.KeywordLogger</class>
  <method>logMessage</method>
  <thread>1</thread>
  <message>Finding Test Object with id &amp;apos;Object Repository/Warehouse/Page_/a_View all Warehouses (1)&amp;apos;</message>
  <nestedLevel>1</nestedLevel>
</record>
<record>
  <date>2018-07-16T18:42:30</date>
  <millis>1531746750504</millis>
  <sequence>109</sequence>
  <level>INFO</level>
  <class>com.kms.katalon.core.logging.KeywordLogger</class>
  <method>logMessage</method>
  <thread>1</thread>
  <message>Checking object</message>
  <nestedLevel>1</nestedLevel>
</record>
<record>
  <date>2018-07-16T18:42:30</date>
  <millis>1531746750504</millis>
  <sequence>110</sequence>
  <level>INFO</level>
  <class>com.kms.katalon.core.logging.KeywordLogger</class>
  <method>logMessage</method>
  <thread>1</thread>
  <message>Checking timeout</message>
  <nestedLevel>1</nestedLevel>
</record>
<record>
  <date>2018-07-16T18:42:30</date>
  <millis>1531746750505</millis>
  <sequence>111</sequence>
  <level>INFO</level>
  <class>com.kms.katalon.core.logging.KeywordLogger</class>
  <method>logMessage</method>
  <thread>1</thread>
  <message>Finding web element with id: &amp;apos;Object Repository/Warehouse/Page_/a_View all Warehouses (1)&amp;apos; located by &amp;apos;By.xpath: /html[1]/body[@class=\&amp;quot;drawer drawer--left darkBG drawer-open\&amp;quot;]/div[3]/header[1]/nav[@class=\&amp;quot;drawer-nav\&amp;quot;]/ul[@class=\&amp;quot;drawer-menu\&amp;quot;]/li[@class=\&amp;quot;drawer-dropdown open\&amp;quot;]/ul[@class=\&amp;quot;drawer-dropdown-menu\&amp;quot;]/li[2]/a[@class=\&amp;quot;drawer-dropdown-menu-item\&amp;quot;][count(. | //a[@class = &amp;apos;drawer-dropdown-menu-item&amp;apos; and @href = &amp;apos;/Warehouse/ViewAllWarehouses.aspx&amp;apos; and (text() = &amp;apos;View all Warehouses&amp;apos; or . = &amp;apos;View all Warehouses&amp;apos;)]) = count(//a[@class = &amp;apos;drawer-dropdown-menu-item&amp;apos; and @href = &amp;apos;/Warehouse/ViewAllWarehouses.aspx&amp;apos; and (text() = &amp;apos;View all Warehouses&amp;apos; or . = &amp;apos;View all Warehouses&amp;apos;)])]&amp;apos; in &amp;apos;30&amp;apos; second(s)</message>
  <nestedLevel>1</nestedLevel>
</record>
<record>
  <date>2018-07-16T18:42:30</date>
  <millis>1531746750636</millis>
  <sequence>112</sequence>
  <level>INFO</level>
  <class>com.kms.katalon.core.logging.KeywordLogger</class>
  <method>logMessage</method>
  <thread>1</thread>
  <message>Found 1 web elements with id: &amp;apos;Object Repository/Warehouse/Page_/a_View all Warehouses (1)&amp;apos; located by &amp;apos;By.xpath: /html[1]/body[@class=\&amp;quot;drawer drawer--left darkBG drawer-open\&amp;quot;]/div[3]/header[1]/nav[@class=\&amp;quot;drawer-nav\&amp;quot;]/ul[@class=\&amp;quot;drawer-menu\&amp;quot;]/li[@class=\&amp;quot;drawer-dropdown open\&amp;quot;]/ul[@class=\&amp;quot;drawer-dropdown-menu\&amp;quot;]/li[2]/a[@class=\&amp;quot;drawer-dropdown-menu-item\&amp;quot;][count(. | //a[@class = &amp;apos;drawer-dropdown-menu-item&amp;apos; and @href = &amp;apos;/Warehouse/ViewAllWarehouses.aspx&amp;apos; and (text() = &amp;apos;View all Warehouses&amp;apos; or . = &amp;apos;View all Warehouses&amp;apos;)]) = count(//a[@class = &amp;apos;drawer-dropdown-menu-item&amp;apos; and @href = &amp;apos;/Warehouse/ViewAllWarehouses.aspx&amp;apos; and (text() = &amp;apos;View all Warehouses&amp;apos; or . = &amp;apos;View all Warehouses&amp;apos;)])]&amp;apos; in &amp;apos;30&amp;apos; second(s)</message>
  <nestedLevel>1</nestedLevel>
</record>
<record>
  <date>2018-07-16T18:42:30</date>
  <millis>1531746750637</millis>
  <sequence>113</sequence>
  <level>INFO</level>
  <class>com.kms.katalon.core.logging.KeywordLogger</class>
  <method>logMessage</method>
  <thread>1</thread>
  <message>Clicking on object: &amp;apos;Object Repository/Warehouse/Page_/a_View all Warehouses (1)&amp;apos;</message>
  <nestedLevel>1</nestedLevel>
</record>
<record>
  <date>2018-07-16T18:42:32</date>
  <millis>1531746752215</millis>
  <sequence>114</sequence>
  <level>PASSED</level>
  <class>com.kms.katalon.core.logging.KeywordLogger</class>
  <method>logMessage</method>
  <thread>1</thread>
  <message>Object: &amp;apos;Object Repository/Warehouse/Page_/a_View all Warehouses (1)&amp;apos; is clicked on</message>
  <nestedLevel>1</nestedLevel>
</record>
<record>
  <date>2018-07-16T18:42:32</date>
  <millis>1531746752216</millis>
  <sequence>115</sequence>
  <level>END</level>
  <class>com.kms.katalon.core.logging.KeywordLogger</class>
  <method>endKeyword</method>
  <thread>1</thread>
  <message>End action : click</message>
  <nestedLevel>1</nestedLevel>
</record>
<record>
  <date>2018-07-16T18:42:32</date>
  <millis>1531746752216</millis>
  <sequence>116</sequence>
  <level>START</level>
  <class>com.kms.katalon.core.logging.KeywordLogger</class>
  <method>startKeyword</method>
  <thread>1</thread>
  <message>Start action : click</message>
  <nestedLevel>1</nestedLevel>
  <property name="startLine">46</property>
  <property name="stepIndex">13</property>
</record>
<record>
  <date>2018-07-16T18:42:32</date>
  <millis>1531746752217</millis>
  <sequence>117</sequence>
  <level>INFO</level>
  <class>com.kms.katalon.core.logging.KeywordLogger</class>
  <method>logMessage</method>
  <thread>1</thread>
  <message>Finding Test Object with id &amp;apos;Object Repository/Warehouse/Page_/input_ctl00ContentPlaceHolder1 (1)&amp;apos;</message>
  <nestedLevel>1</nestedLevel>
</record>
<record>
  <date>2018-07-16T18:42:32</date>
  <millis>1531746752221</millis>
  <sequence>118</sequence>
  <level>INFO</level>
  <class>com.kms.katalon.core.logging.KeywordLogger</class>
  <method>logMessage</method>
  <thread>1</thread>
  <message>Checking object</message>
  <nestedLevel>1</nestedLevel>
</record>
<record>
  <date>2018-07-16T18:42:32</date>
  <millis>1531746752222</millis>
  <sequence>119</sequence>
  <level>INFO</level>
  <class>com.kms.katalon.core.logging.KeywordLogger</class>
  <method>logMessage</method>
  <thread>1</thread>
  <message>Checking timeout</message>
  <nestedLevel>1</nestedLevel>
</record>
<record>
  <date>2018-07-16T18:42:32</date>
  <millis>1531746752223</millis>
  <sequence>120</sequence>
  <level>INFO</level>
  <class>com.kms.katalon.core.logging.KeywordLogger</class>
  <method>logMessage</method>
  <thread>1</thread>
  <message>Finding web element with id: &amp;apos;Object Repository/Warehouse/Page_/input_ctl00ContentPlaceHolder1 (1)&amp;apos; located by &amp;apos;By.xpath: id(\&amp;quot;ContentPlaceHolder1_btnAddNewWarehouse\&amp;quot;)[count(. | //input[@type = &amp;apos;submit&amp;apos; and @name = &amp;apos;ctl00$ContentPlaceHolder1$btnAddNewWarehouse&amp;apos; and @value = &amp;apos;Add New Warehouse&amp;apos; and @onclick = &amp;apos;return gotoAddWarehousePage();&amp;apos; and @id = &amp;apos;ContentPlaceHolder1_btnAddNewWarehouse&amp;apos;]) = count(//input[@type = &amp;apos;submit&amp;apos; and @name = &amp;apos;ctl00$ContentPlaceHolder1$btnAddNewWarehouse&amp;apos; and @value = &amp;apos;Add New Warehouse&amp;apos; and @onclick = &amp;apos;return gotoAddWarehousePage();&amp;apos; and @id = &amp;apos;ContentPlaceHolder1_btnAddNewWarehouse&amp;apos;])]&amp;apos; in &amp;apos;30&amp;apos; second(s)</message>
  <nestedLevel>1</nestedLevel>
</record>
<record>
  <date>2018-07-16T18:42:32</date>
  <millis>1531746752268</millis>
  <sequence>121</sequence>
  <level>INFO</level>
  <class>com.kms.katalon.core.logging.KeywordLogger</class>
  <method>logMessage</method>
  <thread>1</thread>
  <message>Found 1 web elements with id: &amp;apos;Object Repository/Warehouse/Page_/input_ctl00ContentPlaceHolder1 (1)&amp;apos; located by &amp;apos;By.xpath: id(\&amp;quot;ContentPlaceHolder1_btnAddNewWarehouse\&amp;quot;)[count(. | //input[@type = &amp;apos;submit&amp;apos; and @name = &amp;apos;ctl00$ContentPlaceHolder1$btnAddNewWarehouse&amp;apos; and @value = &amp;apos;Add New Warehouse&amp;apos; and @onclick = &amp;apos;return gotoAddWarehousePage();&amp;apos; and @id = &amp;apos;ContentPlaceHolder1_btnAddNewWarehouse&amp;apos;]) = count(//input[@type = &amp;apos;submit&amp;apos; and @name = &amp;apos;ctl00$ContentPlaceHolder1$btnAddNewWarehouse&amp;apos; and @value = &amp;apos;Add New Warehouse&amp;apos; and @onclick = &amp;apos;return gotoAddWarehousePage();&amp;apos; and @id = &amp;apos;ContentPlaceHolder1_btnAddNewWarehouse&amp;apos;])]&amp;apos; in &amp;apos;30&amp;apos; second(s)</message>
  <nestedLevel>1</nestedLevel>
</record>
<record>
  <date>2018-07-16T18:42:32</date>
  <millis>1531746752269</millis>
  <sequence>122</sequence>
  <level>INFO</level>
  <class>com.kms.katalon.core.logging.KeywordLogger</class>
  <method>logMessage</method>
  <thread>1</thread>
  <message>Clicking on object: &amp;apos;Object Repository/Warehouse/Page_/input_ctl00ContentPlaceHolder1 (1)&amp;apos;</message>
  <nestedLevel>1</nestedLevel>
</record>
<record>
  <date>2018-07-16T18:42:32</date>
  <millis>1531746752569</millis>
  <sequence>123</sequence>
  <level>PASSED</level>
  <class>com.kms.katalon.core.logging.KeywordLogger</class>
  <method>logMessage</method>
  <thread>1</thread>
  <message>Object: &amp;apos;Object Repository/Warehouse/Page_/input_ctl00ContentPlaceHolder1 (1)&amp;apos; is clicked on</message>
  <nestedLevel>1</nestedLevel>
</record>
<record>
  <date>2018-07-16T18:42:32</date>
  <millis>1531746752570</millis>
  <sequence>124</sequence>
  <level>END</level>
  <class>com.kms.katalon.core.logging.KeywordLogger</class>
  <method>endKeyword</method>
  <thread>1</thread>
  <message>End action : click</message>
  <nestedLevel>1</nestedLevel>
</record>
<record>
  <date>2018-07-16T18:42:32</date>
  <millis>1531746752570</millis>
  <sequence>125</sequence>
  <level>START</level>
  <class>com.kms.katalon.core.logging.KeywordLogger</class>
  <method>startKeyword</method>
  <thread>1</thread>
  <message>Start action : setText</message>
  <nestedLevel>1</nestedLevel>
  <property name="startLine">48</property>
  <property name="stepIndex">14</property>
</record>
<record>
  <date>2018-07-16T18:42:32</date>
  <millis>1531746752571</millis>
  <sequence>126</sequence>
  <level>INFO</level>
  <class>com.kms.katalon.core.logging.KeywordLogger</class>
  <method>logMessage</method>
  <thread>1</thread>
  <message>Finding Test Object with id &amp;apos;Object Repository/Warehouse/Page_/input_ctl00ContentPlaceHolder1_1 (1)&amp;apos;</message>
  <nestedLevel>1</nestedLevel>
</record>
<record>
  <date>2018-07-16T18:42:32</date>
  <millis>1531746752577</millis>
  <sequence>127</sequence>
  <level>INFO</level>
  <class>com.kms.katalon.core.logging.KeywordLogger</class>
  <method>logMessage</method>
  <thread>1</thread>
  <message>Checking object</message>
  <nestedLevel>1</nestedLevel>
</record>
<record>
  <date>2018-07-16T18:42:32</date>
  <millis>1531746752578</millis>
  <sequence>128</sequence>
  <level>INFO</level>
  <class>com.kms.katalon.core.logging.KeywordLogger</class>
  <method>logMessage</method>
  <thread>1</thread>
  <message>Checking text</message>
  <nestedLevel>1</nestedLevel>
</record>
<record>
  <date>2018-07-16T18:42:32</date>
  <millis>1531746752578</millis>
  <sequence>129</sequence>
  <level>INFO</level>
  <class>com.kms.katalon.core.logging.KeywordLogger</class>
  <method>logMessage</method>
  <thread>1</thread>
  <message>Checking timeout</message>
  <nestedLevel>1</nestedLevel>
</record>
<record>
  <date>2018-07-16T18:42:32</date>
  <millis>1531746752580</millis>
  <sequence>130</sequence>
  <level>INFO</level>
  <class>com.kms.katalon.core.logging.KeywordLogger</class>
  <method>logMessage</method>
  <thread>1</thread>
  <message>Finding web element with id: &amp;apos;Object Repository/Warehouse/Page_/input_ctl00ContentPlaceHolder1_1 (1)&amp;apos; located by &amp;apos;By.xpath: id(\&amp;quot;ContentPlaceHolder1_txtWarehouseName\&amp;quot;)[count(. | //input[@name = &amp;apos;ctl00$ContentPlaceHolder1$txtWarehouseName&amp;apos; and @type = &amp;apos;text&amp;apos; and @maxlength = &amp;apos;50&amp;apos; and @id = &amp;apos;ContentPlaceHolder1_txtWarehouseName&amp;apos; and @class = &amp;apos;form-control m-b&amp;apos; and @placeholder = &amp;apos;e.g. Centrumix.com.mx&amp;apos; and @title = &amp;apos;Please enter Warehouse Name&amp;apos; and @onkeypress = &amp;apos;AlphaNumericOnly(event);clearErrorMessage();&amp;apos;]) = count(//input[@name = &amp;apos;ctl00$ContentPlaceHolder1$txtWarehouseName&amp;apos; and @type = &amp;apos;text&amp;apos; and @maxlength = &amp;apos;50&amp;apos; and @id = &amp;apos;ContentPlaceHolder1_txtWarehouseName&amp;apos; and @class = &amp;apos;form-control m-b&amp;apos; and @placeholder = &amp;apos;e.g. Centrumix.com.mx&amp;apos; and @title = &amp;apos;Please enter Warehouse Name&amp;apos; and @onkeypress = &amp;apos;AlphaNumericOnly(event);clearErrorMessage();&amp;apos;])]&amp;apos; in &amp;apos;30&amp;apos; second(s)</message>
  <nestedLevel>1</nestedLevel>
</record>
<record>
  <date>2018-07-16T18:42:32</date>
  <millis>1531746752617</millis>
  <sequence>131</sequence>
  <level>WARNING</level>
  <class>com.kms.katalon.core.logging.KeywordLogger</class>
  <method>logMessage</method>
  <thread>1</thread>
  <message>Cannot take screenshot</message>
  <nestedLevel>1</nestedLevel>
</record>
<record>
  <date>2018-07-16T18:42:32</date>
  <millis>1531746752625</millis>
  <sequence>132</sequence>
  <level>FAILED</level>
  <class>com.kms.katalon.core.logging.KeywordLogger</class>
  <method>logMessage</method>
  <thread>1</thread>
  <message>Unable to set text &amp;apos;centurocommx&amp;apos; of object &amp;apos;Object Repository/Warehouse/Page_/input_ctl00ContentPlaceHolder1_1 (1)&amp;apos; (Root cause: org.openqa.selenium.UnhandledAlertException: unexpected alert open: {Alert text : Unable to Bind View All Warehouses}\n  (Session info: chrome=67.0.3396.99)\n  (Driver info: chromedriver=2.35.528161 (5b82f2d2aae0ca24b877009200ced9065a772e73),platform=Windows NT 10.0.15063 x86_64) (WARNING: The server did not provide any stacktrace information)\nCommand duration or timeout: 0 milliseconds: null\nBuild info: version: &amp;apos;3.7.1&amp;apos;, revision: &amp;apos;8a0099a&amp;apos;, time: &amp;apos;2017-11-06T21:07:36.161Z&amp;apos;\nSystem info: host: &amp;apos;DESKTOP-UNOIIMH&amp;apos;, ip: &amp;apos;172.16.10.93&amp;apos;, os.name: &amp;apos;Windows 10&amp;apos;, os.arch: &amp;apos;amd64&amp;apos;, os.version: &amp;apos;10.0&amp;apos;, java.version: &amp;apos;1.8.0_102&amp;apos;\nDriver info: com.kms.katalon.selenium.driver.CChromeDriver\nCapabilities {acceptInsecureCerts: false, acceptSslCerts: false, applicationCacheEnabled: false, browserConnectionEnabled: false, browserName: chrome, chrome: {chromedriverVersion: 2.35.528161 (5b82f2d2aae0ca..., userDataDir: C:\\Users\\Avishek\\AppData\\Lo...}, cssSelectorsEnabled: true, databaseEnabled: false, handlesAlerts: true, hasTouchScreen: false, javascriptEnabled: true, locationContextEnabled: true, mobileEmulationEnabled: false, nativeEvents: true, networkConnectionEnabled: false, pageLoadStrategy: normal, platform: XP, platformName: XP, rotatable: false, setWindowRect: true, takesHeapSnapshot: true, takesScreenshot: true, unexpectedAlertBehaviour: , unhandledPromptBehavior: , version: 67.0.3396.99, webStorageEnabled: true}\nSession ID: 1a35edf43d180fd283f30f595544fc85\n*** Element info: {Using=xpath, value=id(\&amp;quot;ContentPlaceHolder1_txtWarehouseName\&amp;quot;)[count(. | //input[@name = &amp;apos;ctl00$ContentPlaceHolder1$txtWarehouseName&amp;apos; and @type = &amp;apos;text&amp;apos; and @maxlength = &amp;apos;50&amp;apos; and @id = &amp;apos;ContentPlaceHolder1_txtWarehouseName&amp;apos; and @class = &amp;apos;form-control m-b&amp;apos; and @placeholder = &amp;apos;e.g. Centrumix.com.mx&amp;apos; and @title = &amp;apos;Please enter Warehouse Name&amp;apos; and @onkeypress = &amp;apos;AlphaNumericOnly(event);clearErrorMessage();&amp;apos;]) = count(//input[@name = &amp;apos;ctl00$ContentPlaceHolder1$txtWarehouseName&amp;apos; and @type = &amp;apos;text&amp;apos; and @maxlength = &amp;apos;50&amp;apos; and @id = &amp;apos;ContentPlaceHolder1_txtWarehouseName&amp;apos; and @class = &amp;apos;form-control m-b&amp;apos; and @placeholder = &amp;apos;e.g. Centrumix.com.mx&amp;apos; and @title = &amp;apos;Please enter Warehouse Name&amp;apos; and @onkeypress = &amp;apos;AlphaNumericOnly(event);clearErrorMessage();&amp;apos;])]})</message>
  <nestedLevel>1</nestedLevel>
</record>
<record>
  <date>2018-07-16T18:42:32</date>
  <millis>1531746752627</millis>
  <sequence>133</sequence>
  <level>END</level>
  <class>com.kms.katalon.core.logging.KeywordLogger</class>
  <method>endKeyword</method>
  <thread>1</thread>
  <message>End action : setText</message>
  <nestedLevel>1</nestedLevel>
</record>
<record>
  <date>2018-07-16T18:42:32</date>
  <millis>1531746752627</millis>
  <sequence>134</sequence>
  <logger>com.kms.katalon.core.logging.KeywordLogger</logger>
  <level>FAILED</level>
  <class>com.kms.katalon.core.logging.KeywordLogger</class>
  <method>logMessage</method>
  <thread>1</thread>
  <message>Test Cases/CRM/AddWarehouse FAILED because (of) Unable to set text &amp;apos;centurocommx&amp;apos; of object &amp;apos;Object Repository/Warehouse/Page_/input_ctl00ContentPlaceHolder1_1 (1)&amp;apos; (Root cause: org.openqa.selenium.UnhandledAlertException: unexpected alert open: {Alert text : Unable to Bind View All Warehouses}\n  (Session info: chrome=67.0.3396.99)\n  (Driver info: chromedriver=2.35.528161 (5b82f2d2aae0ca24b877009200ced9065a772e73),platform=Windows NT 10.0.15063 x86_64) (WARNING: The server did not provide any stacktrace information)\nCommand duration or timeout: 0 milliseconds: null\nBuild info: version: &amp;apos;3.7.1&amp;apos;, revision: &amp;apos;8a0099a&amp;apos;, time: &amp;apos;2017-11-06T21:07:36.161Z&amp;apos;\nSystem info: host: &amp;apos;DESKTOP-UNOIIMH&amp;apos;, ip: &amp;apos;172.16.10.93&amp;apos;, os.name: &amp;apos;Windows 10&amp;apos;, os.arch: &amp;apos;amd64&amp;apos;, os.version: &amp;apos;10.0&amp;apos;, java.version: &amp;apos;1.8.0_102&amp;apos;\nDriver info: com.kms.katalon.selenium.driver.CChromeDriver\nCapabilities {acceptInsecureCerts: false, acceptSslCerts: false, applicationCacheEnabled: false, browserConnectionEnabled: false, browserName: chrome, chrome: {chromedriverVersion: 2.35.528161 (5b82f2d2aae0ca..., userDataDir: C:\\Users\\Avishek\\AppData\\Lo...}, cssSelectorsEnabled: true, databaseEnabled: false, handlesAlerts: true, hasTouchScreen: false, javascriptEnabled: true, locationContextEnabled: true, mobileEmulationEnabled: false, nativeEvents: true, networkConnectionEnabled: false, pageLoadStrategy: normal, platform: XP, platformName: XP, rotatable: false, setWindowRect: true, takesHeapSnapshot: true, takesScreenshot: true, unexpectedAlertBehaviour: , unhandledPromptBehavior: , version: 67.0.3396.99, webStorageEnabled: true}\nSession ID: 1a35edf43d180fd283f30f595544fc85\n*** Element info: {Using=xpath, value=id(\&amp;quot;ContentPlaceHolder1_txtWarehouseName\&amp;quot;)[count(. | //input[@name = &amp;apos;ctl00$ContentPlaceHolder1$txtWarehouseName&amp;apos; and @type = &amp;apos;text&amp;apos; and @maxlength = &amp;apos;50&amp;apos; and @id = &amp;apos;ContentPlaceHolder1_txtWarehouseName&amp;apos; and @class = &amp;apos;form-control m-b&amp;apos; and @placeholder = &amp;apos;e.g. Centrumix.com.mx&amp;apos; and @title = &amp;apos;Please enter Warehouse Name&amp;apos; and @onkeypress = &amp;apos;AlphaNumericOnly(event);clearErrorMessage();&amp;apos;]) = count(//input[@name = &amp;apos;ctl00$ContentPlaceHolder1$txtWarehouseName&amp;apos; and @type = &amp;apos;text&amp;apos; and @maxlength = &amp;apos;50&amp;apos; and @id = &amp;apos;ContentPlaceHolder1_txtWarehouseName&amp;apos; and @class = &amp;apos;form-control m-b&amp;apos; and @placeholder = &amp;apos;e.g. Centrumix.com.mx&amp;apos; and @title = &amp;apos;Please enter Warehouse Name&amp;apos; and @onkeypress = &amp;apos;AlphaNumericOnly(event);clearErrorMessage();&amp;apos;])]})</message>
  <exception>
    <message>com.kms.katalon.core.exception.StepFailedException: Unable to set text 'centurocommx' of object 'Object Repository/Warehouse/Page_/input_ctl00ContentPlaceHolder1_1 (1)' (Root cause: org.openqa.selenium.UnhandledAlertException: unexpected alert open: {Alert text : Unable to Bind View All Warehouses}
  (Session info: chrome=67.0.3396.99)
  (Driver info: chromedriver=2.35.528161 (5b82f2d2aae0ca24b877009200ced9065a772e73),platform=Windows NT 10.0.15063 x86_64) (WARNING: The server did not provide any stacktrace information)
Command duration or timeout: 0 milliseconds: null
Build info: version: '3.7.1', revision: '8a0099a', time: '2017-11-06T21:07:36.161Z'
System info: host: 'DESKTOP-UNOIIMH', ip: '172.16.10.93', os.name: 'Windows 10', os.arch: 'amd64', os.version: '10.0', java.version: '1.8.0_102'
Driver info: com.kms.katalon.selenium.driver.CChromeDriver
Capabilities {acceptInsecureCerts: false, acceptSslCerts: false, applicationCacheEnabled: false, browserConnectionEnabled: false, browserName: chrome, chrome: {chromedriverVersion: 2.35.528161 (5b82f2d2aae0ca..., userDataDir: C:\Users\Avishek\AppData\Lo...}, cssSelectorsEnabled: true, databaseEnabled: false, handlesAlerts: true, hasTouchScreen: false, javascriptEnabled: true, locationContextEnabled: true, mobileEmulationEnabled: false, nativeEvents: true, networkConnectionEnabled: false, pageLoadStrategy: normal, platform: XP, platformName: XP, rotatable: false, setWindowRect: true, takesHeapSnapshot: true, takesScreenshot: true, unexpectedAlertBehaviour: , unhandledPromptBehavior: , version: 67.0.3396.99, webStorageEnabled: true}
Session ID: 1a35edf43d180fd283f30f595544fc85
*** Element info: {Using=xpath, value=id("ContentPlaceHolder1_txtWarehouseName")[count(. | //input[@name = 'ctl00$ContentPlaceHolder1$txtWarehouseName' and @type = 'text' and @maxlength = '50' and @id = 'ContentPlaceHolder1_txtWarehouseName' and @class = 'form-control m-b' and @placeholder = 'e.g. Centrumix.com.mx' and @title = 'Please enter Warehouse Name' and @onkeypress = 'AlphaNumericOnly(event);clearErrorMessage();']) = count(//input[@name = 'ctl00$ContentPlaceHolder1$txtWarehouseName' and @type = 'text' and @maxlength = '50' and @id = 'ContentPlaceHolder1_txtWarehouseName' and @class = 'form-control m-b' and @placeholder = 'e.g. Centrumix.com.mx' and @title = 'Please enter Warehouse Name' and @onkeypress = 'AlphaNumericOnly(event);clearErrorMessage();'])]})</message>
    <frame>
      <class>com.kms.katalon.core.keyword.internal.KeywordMain</class>
      <method>stepFailed</method>
      <line>36</line>
    </frame>
    <frame>
      <class>com.kms.katalon.core.webui.keyword.internal.WebUIKeywordMain</class>
      <method>stepFailed</method>
      <line>65</line>
    </frame>
    <frame>
      <class>com.kms.katalon.core.webui.keyword.internal.WebUIKeywordMain</class>
      <method>runKeyword</method>
      <line>27</line>
    </frame>
    <frame>
      <class>com.kms.katalon.core.webui.keyword.builtin.SetTextKeyword</class>
      <method>setText</method>
      <line>65</line>
    </frame>
    <frame>
      <class>com.kms.katalon.core.webui.keyword.builtin.SetTextKeyword</class>
      <method>execute</method>
      <line>37</line>
    </frame>
    <frame>
      <class>com.kms.katalon.core.keyword.internal.KeywordExecutor</class>
      <method>executeKeywordForPlatform</method>
      <line>53</line>
    </frame>
    <frame>
      <class>com.kms.katalon.core.webui.keyword.WebUiBuiltInKeywords</class>
      <method>setText</method>
      <line>950</line>
    </frame>
    <frame>
      <class>com.kms.katalon.core.webui.keyword.WebUiBuiltInKeywords$setText$2</class>
      <method>call</method>
    </frame>
    <frame>
      <class>org.codehaus.groovy.runtime.callsite.CallSiteArray</class>
      <method>defaultCall</method>
      <line>48</line>
    </frame>
    <frame>
      <class>org.codehaus.groovy.runtime.callsite.AbstractCallSite</class>
      <method>call</method>
      <line>113</line>
    </frame>
    <frame>
      <class>org.codehaus.groovy.runtime.callsite.AbstractCallSite</class>
      <method>call</method>
      <line>133</line>
    </frame>
    <frame>
      <class>Script1531393712928</class>
      <method>run</method>
      <line>48</line>
    </frame>
    <frame>
      <class>com.kms.katalon.core.main.ScriptEngine</class>
      <method>run</method>
      <line>183</line>
    </frame>
    <frame>
      <class>com.kms.katalon.core.main.ScriptEngine</class>
      <method>runScriptAsRawText</method>
      <line>108</line>
    </frame>
    <frame>
      <class>com.kms.katalon.core.main.TestCaseExecutor</class>
      <method>runScript</method>
      <line>294</line>
    </frame>
    <frame>
      <class>com.kms.katalon.core.main.TestCaseExecutor</class>
      <method>doExecute</method>
      <line>285</line>
    </frame>
    <frame>
      <class>com.kms.katalon.core.main.TestCaseExecutor</class>
      <method>processExecutionPhase</method>
      <line>264</line>
    </frame>
    <frame>
      <class>com.kms.katalon.core.main.TestCaseExecutor</class>
      <method>accessMainPhase</method>
      <line>256</line>
    </frame>
    <frame>
      <class>com.kms.katalon.core.main.TestCaseExecutor</class>
      <method>execute</method>
      <line>200</line>
    </frame>
    <frame>
      <class>com.kms.katalon.core.main.TestSuiteExecutor</class>
      <method>accessTestCaseMainPhase</method>
      <line>129</line>
    </frame>
    <frame>
      <class>com.kms.katalon.core.main.TestSuiteExecutor</class>
      <method>accessTestSuiteMainPhase</method>
      <line>112</line>
    </frame>
    <frame>
      <class>com.kms.katalon.core.main.TestSuiteExecutor</class>
      <method>execute</method>
      <line>81</line>
    </frame>
    <frame>
      <class>com.kms.katalon.core.main.TestCaseMain</class>
      <method>startTestSuite</method>
      <line>131</line>
    </frame>
    <frame>
      <class>com.kms.katalon.core.main.TestCaseMain$startTestSuite$0</class>
      <method>call</method>
    </frame>
    <frame>
      <class>org.codehaus.groovy.runtime.callsite.CallSiteArray</class>
      <method>defaultCall</method>
      <line>48</line>
    </frame>
    <frame>
      <class>org.codehaus.groovy.runtime.callsite.AbstractCallSite</class>
      <method>call</method>
      <line>113</line>
    </frame>
    <frame>
      <class>org.codehaus.groovy.runtime.callsite.AbstractCallSite</class>
      <method>call</method>
      <line>141</line>
    </frame>
    <frame>
      <class>TempTestSuite1531746726941</class>
      <method>run</method>
      <line>35</line>
    </frame>
    <frame>
      <class>groovy.lang.GroovyShell</class>
      <method>runScriptOrMainOrTestOrRunnable</method>
      <line>263</line>
    </frame>
    <frame>
      <class>groovy.lang.GroovyShell</class>
      <method>run</method>
      <line>518</line>
    </frame>
    <frame>
      <class>groovy.lang.GroovyShell</class>
      <method>run</method>
      <line>507</line>
    </frame>
    <frame>
      <class>groovy.ui.GroovyMain</class>
      <method>processOnce</method>
      <line>653</line>
    </frame>
    <frame>
      <class>groovy.ui.GroovyMain</class>
      <method>run</method>
      <line>384</line>
    </frame>
    <frame>
      <class>groovy.ui.GroovyMain</class>
      <method>process</method>
      <line>370</line>
    </frame>
    <frame>
      <class>groovy.ui.GroovyMain</class>
      <method>processArgs</method>
      <line>129</line>
    </frame>
    <frame>
      <class>groovy.ui.GroovyMain</class>
      <method>main</method>
      <line>109</line>
    </frame>
    <frame>
      <class>sun.reflect.NativeMethodAccessorImpl</class>
      <method>invoke0</method>
    </frame>
    <frame>
      <class>sun.reflect.NativeMethodAccessorImpl</class>
      <method>invoke</method>
      <line>62</line>
    </frame>
    <frame>
      <class>sun.reflect.DelegatingMethodAccessorImpl</class>
      <method>invoke</method>
      <line>43</line>
    </frame>
    <frame>
      <class>java.lang.reflect.Method</class>
      <method>invoke</method>
      <line>498</line>
    </frame>
    <frame>
      <class>org.codehaus.groovy.tools.GroovyStarter</class>
      <method>rootLoader</method>
      <line>109</line>
    </frame>
    <frame>
      <class>org.codehaus.groovy.tools.GroovyStarter</class>
      <method>main</method>
      <line>131</line>
    </frame>
  </exception>
  <nestedLevel>0</nestedLevel>
</record>
<record>
  <date>2018-07-16T18:42:32</date>
  <millis>1531746752630</millis>
  <sequence>135</sequence>
  <level>END</level>
  <class>com.kms.katalon.core.logging.KeywordLogger</class>
  <method>endTest</method>
  <thread>1</thread>
  <message>End Test Case : Test Cases/CRM/AddWarehouse</message>
  <nestedLevel>0</nestedLevel>
</record>
<record>
  <date>2018-07-16T18:42:33</date>
  <millis>1531746753479</millis>
  <sequence>136</sequence>
  <level>END</level>
  <class>com.kms.katalon.core.logging.KeywordLogger</class>
  <method>endSuite</method>
  <thread>1</thread>
  <message>End Test Suite : Test Suites/CRM/AddWarehouse</message>
  <nestedLevel>0</nestedLevel>
</record>
</log>
