<?xml version="1.0" encoding="UTF-8" standalone="no"?>
<!DOCTYPE log SYSTEM "logger.dtd">
<log>
<record>
  <date>2018-09-05T16:39:10</date>
  <millis>1536145750497</millis>
  <sequence>0</sequence>
  <level>START</level>
  <class>com.kms.katalon.core.logging.KeywordLogger</class>
  <method>startSuite</method>
  <thread>1</thread>
  <message>Start Test Suite : Test Suites/CRM/URM/StaffUserLogin</message>
  <nestedLevel>0</nestedLevel>
  <property name="name">StaffUserLogin</property>
  <property name="description"></property>
  <property name="id">Test Suites/CRM/URM/StaffUserLogin</property>
</record>
<record>
  <date>2018-09-05T16:39:10</date>
  <millis>1536145750562</millis>
  <sequence>1</sequence>
  <level>RUN_DATA</level>
  <class>com.kms.katalon.core.logging.KeywordLogger</class>
  <method>logMessage</method>
  <thread>1</thread>
  <message>Logging run data &amp;apos;hostName&amp;apos; with value &amp;apos;Avishek - DESKTOP-UNOIIMH&amp;apos;</message>
  <nestedLevel>0</nestedLevel>
  <property name="hostName">Avishek - DESKTOP-UNOIIMH</property>
</record>
<record>
  <date>2018-09-05T16:39:10</date>
  <millis>1536145750567</millis>
  <sequence>2</sequence>
  <level>RUN_DATA</level>
  <class>com.kms.katalon.core.logging.KeywordLogger</class>
  <method>logMessage</method>
  <thread>1</thread>
  <message>Logging run data &amp;apos;os&amp;apos; with value &amp;apos;Windows 10 64bit&amp;apos;</message>
  <nestedLevel>0</nestedLevel>
  <property name="os">Windows 10 64bit</property>
</record>
<record>
  <date>2018-09-05T16:39:10</date>
  <millis>1536145750576</millis>
  <sequence>3</sequence>
  <level>RUN_DATA</level>
  <class>com.kms.katalon.core.logging.KeywordLogger</class>
  <method>logMessage</method>
  <thread>1</thread>
  <message>Logging run data &amp;apos;hostAddress&amp;apos; with value &amp;apos;172.16.10.89&amp;apos;</message>
  <nestedLevel>0</nestedLevel>
  <property name="hostAddress">172.16.10.89</property>
</record>
<record>
  <date>2018-09-05T16:39:10</date>
  <millis>1536145750580</millis>
  <sequence>4</sequence>
  <level>RUN_DATA</level>
  <class>com.kms.katalon.core.logging.KeywordLogger</class>
  <method>logMessage</method>
  <thread>1</thread>
  <message>Logging run data &amp;apos;katalonVersion&amp;apos; with value &amp;apos;5.6.3.1&amp;apos;</message>
  <nestedLevel>0</nestedLevel>
  <property name="katalonVersion">5.6.3.1</property>
</record>
<record>
  <date>2018-09-05T16:39:11</date>
  <millis>1536145751194</millis>
  <sequence>5</sequence>
  <level>START</level>
  <class>com.kms.katalon.core.logging.KeywordLogger</class>
  <method>startTest</method>
  <thread>1</thread>
  <message>Start Test Case : Test Cases/CRM/URM/StaffUserlogin</message>
  <nestedLevel>1</nestedLevel>
  <property name="name">Test Cases/CRM/URM/StaffUserlogin</property>
  <property name="description"></property>
  <property name="id">Test Cases/CRM/URM/StaffUserlogin</property>
  <property name="source">E:\\Avishek\\LOGMANPROJECT\\Test Cases\\CRM\\URM\\StaffUserlogin.tc</property>
  <property name="isOptional">false</property>
</record>
<record>
  <date>2018-09-05T16:39:11</date>
  <millis>1536145751228</millis>
  <sequence>6</sequence>
  <level>INFO</level>
  <class>com.kms.katalon.core.logging.KeywordLogger</class>
  <method>logMessage</method>
  <thread>1</thread>
  <message>Evaluating variables for test case</message>
  <nestedLevel>1</nestedLevel>
</record>
<record>
  <date>2018-09-05T16:39:11</date>
  <millis>1536145751465</millis>
  <sequence>7</sequence>
  <level>START</level>
  <class>com.kms.katalon.core.logging.KeywordLogger</class>
  <method>startKeyword</method>
  <thread>1</thread>
  <message>Start action : openBrowser</message>
  <nestedLevel>1</nestedLevel>
  <property name="startLine">23</property>
  <property name="stepIndex">1</property>
</record>
<record>
  <date>2018-09-05T16:39:12</date>
  <millis>1536145752001</millis>
  <sequence>8</sequence>
  <level>INFO</level>
  <class>com.kms.katalon.core.logging.KeywordLogger</class>
  <method>logMessage</method>
  <thread>1</thread>
  <message>Opening browser</message>
  <nestedLevel>1</nestedLevel>
</record>
<record>
  <date>2018-09-05T16:39:12</date>
  <millis>1536145752010</millis>
  <sequence>9</sequence>
  <level>INFO</level>
  <class>com.kms.katalon.core.logging.KeywordLogger</class>
  <method>logMessage</method>
  <thread>1</thread>
  <message>Starting &amp;apos;Firefox&amp;apos; driver</message>
  <nestedLevel>1</nestedLevel>
</record>
<record>
  <date>2018-09-05T16:39:12</date>
  <millis>1536145752109</millis>
  <sequence>10</sequence>
  <level>INFO</level>
  <class>com.kms.katalon.core.logging.KeywordLogger</class>
  <method>logMessage</method>
  <thread>1</thread>
  <message>Action delay is set to 0 seconds</message>
  <nestedLevel>1</nestedLevel>
</record>
<record>
  <date>2018-09-05T16:39:17</date>
  <millis>1536145757565</millis>
  <sequence>12</sequence>
  <level>RUN_DATA</level>
  <class>com.kms.katalon.core.logging.KeywordLogger</class>
  <method>logMessage</method>
  <thread>1</thread>
  <message>Logging run data &amp;apos;sessionId&amp;apos; with value &amp;apos;f688752c-d98e-41ea-8a4c-b59999f0bc91&amp;apos;</message>
  <nestedLevel>1</nestedLevel>
  <property name="sessionId">f688752c-d98e-41ea-8a4c-b59999f0bc91</property>
</record>
<record>
  <date>2018-09-05T16:39:17</date>
  <millis>1536145757667</millis>
  <sequence>13</sequence>
  <level>RUN_DATA</level>
  <class>com.kms.katalon.core.logging.KeywordLogger</class>
  <method>logMessage</method>
  <thread>1</thread>
  <message>Logging run data &amp;apos;browser&amp;apos; with value &amp;apos;Firefox 61.0&amp;apos;</message>
  <nestedLevel>1</nestedLevel>
  <property name="browser">Firefox 61.0</property>
</record>
<record>
  <date>2018-09-05T16:39:17</date>
  <millis>1536145757668</millis>
  <sequence>14</sequence>
  <level>RUN_DATA</level>
  <class>com.kms.katalon.core.logging.KeywordLogger</class>
  <method>logMessage</method>
  <thread>1</thread>
  <message>Logging run data &amp;apos;platform&amp;apos; with value &amp;apos;Windows 10&amp;apos;</message>
  <nestedLevel>1</nestedLevel>
  <property name="platform">Windows 10</property>
</record>
<record>
  <date>2018-09-05T16:39:17</date>
  <millis>1536145757672</millis>
  <sequence>15</sequence>
  <level>RUN_DATA</level>
  <class>com.kms.katalon.core.logging.KeywordLogger</class>
  <method>logMessage</method>
  <thread>1</thread>
  <message>Logging run data &amp;apos;seleniumVersion&amp;apos; with value &amp;apos;3.7.1&amp;apos;</message>
  <nestedLevel>1</nestedLevel>
  <property name="seleniumVersion">3.7.1</property>
</record>
<record>
  <date>2018-09-05T16:39:17</date>
  <millis>1536145757674</millis>
  <sequence>16</sequence>
  <level>RUN_DATA</level>
  <class>com.kms.katalon.core.logging.KeywordLogger</class>
  <method>logMessage</method>
  <thread>1</thread>
  <message>Logging run data &amp;apos;proxyInformation&amp;apos; with value &amp;apos;ProxyInformation{proxyOption=NO_PROXY, proxyServerType=HTTP, password=, proxyServerAddress=, proxyServerPort=0}&amp;apos;</message>
  <nestedLevel>1</nestedLevel>
  <property name="proxyInformation">ProxyInformation{proxyOption=NO_PROXY, proxyServerType=HTTP, password=, proxyServerAddress=, proxyServerPort=0}</property>
</record>
<record>
  <date>2018-09-05T16:39:17</date>
  <millis>1536145757675</millis>
  <sequence>17</sequence>
  <level>PASSED</level>
  <class>com.kms.katalon.core.logging.KeywordLogger</class>
  <method>logMessage</method>
  <thread>1</thread>
  <message>Browser is opened with url: &amp;apos;&amp;apos;</message>
  <nestedLevel>1</nestedLevel>
</record>
<record>
  <date>2018-09-05T16:39:17</date>
  <millis>1536145757679</millis>
  <sequence>18</sequence>
  <level>END</level>
  <class>com.kms.katalon.core.logging.KeywordLogger</class>
  <method>endKeyword</method>
  <thread>1</thread>
  <message>End action : openBrowser</message>
  <nestedLevel>1</nestedLevel>
</record>
<record>
  <date>2018-09-05T16:39:17</date>
  <millis>1536145757679</millis>
  <sequence>19</sequence>
  <level>START</level>
  <class>com.kms.katalon.core.logging.KeywordLogger</class>
  <method>startKeyword</method>
  <thread>1</thread>
  <message>Start action : navigateToUrl</message>
  <nestedLevel>1</nestedLevel>
  <property name="startLine">25</property>
  <property name="stepIndex">2</property>
</record>
<record>
  <date>2018-09-05T16:39:17</date>
  <millis>1536145757710</millis>
  <sequence>20</sequence>
  <level>INFO</level>
  <class>com.kms.katalon.core.logging.KeywordLogger</class>
  <method>logMessage</method>
  <thread>1</thread>
  <message>Checking url</message>
  <nestedLevel>1</nestedLevel>
</record>
<record>
  <date>2018-09-05T16:39:17</date>
  <millis>1536145757713</millis>
  <sequence>21</sequence>
  <level>INFO</level>
  <class>com.kms.katalon.core.logging.KeywordLogger</class>
  <method>logMessage</method>
  <thread>1</thread>
  <message>Navigating to &amp;apos;http://172.16.20.5:93/&amp;apos;</message>
  <nestedLevel>1</nestedLevel>
</record>
<record>
  <date>2018-09-05T16:39:22</date>
  <millis>1536145762479</millis>
  <sequence>22</sequence>
  <level>PASSED</level>
  <class>com.kms.katalon.core.logging.KeywordLogger</class>
  <method>logMessage</method>
  <thread>1</thread>
  <message>Navigate to &amp;apos;http://172.16.20.5:93/&amp;apos; successfully</message>
  <nestedLevel>1</nestedLevel>
</record>
<record>
  <date>2018-09-05T16:39:22</date>
  <millis>1536145762481</millis>
  <sequence>23</sequence>
  <level>END</level>
  <class>com.kms.katalon.core.logging.KeywordLogger</class>
  <method>endKeyword</method>
  <thread>1</thread>
  <message>End action : navigateToUrl</message>
  <nestedLevel>1</nestedLevel>
</record>
<record>
  <date>2018-09-05T16:39:22</date>
  <millis>1536145762483</millis>
  <sequence>24</sequence>
  <level>START</level>
  <class>com.kms.katalon.core.logging.KeywordLogger</class>
  <method>startKeyword</method>
  <thread>1</thread>
  <message>Start action : setText</message>
  <nestedLevel>1</nestedLevel>
  <property name="startLine">27</property>
  <property name="stepIndex">3</property>
</record>
<record>
  <date>2018-09-05T16:39:22</date>
  <millis>1536145762494</millis>
  <sequence>25</sequence>
  <level>INFO</level>
  <class>com.kms.katalon.core.logging.KeywordLogger</class>
  <method>logMessage</method>
  <thread>1</thread>
  <message>Finding Test Object with id &amp;apos;Object Repository/UserLogin/Page_JobyCo/input_ctl00ContentPlaceHolder1&amp;apos;</message>
  <nestedLevel>1</nestedLevel>
</record>
<record>
  <date>2018-09-05T16:39:22</date>
  <millis>1536145762580</millis>
  <sequence>26</sequence>
  <level>INFO</level>
  <class>com.kms.katalon.core.logging.KeywordLogger</class>
  <method>logMessage</method>
  <thread>1</thread>
  <message>Checking object</message>
  <nestedLevel>1</nestedLevel>
</record>
<record>
  <date>2018-09-05T16:39:22</date>
  <millis>1536145762582</millis>
  <sequence>27</sequence>
  <level>INFO</level>
  <class>com.kms.katalon.core.logging.KeywordLogger</class>
  <method>logMessage</method>
  <thread>1</thread>
  <message>Checking text</message>
  <nestedLevel>1</nestedLevel>
</record>
<record>
  <date>2018-09-05T16:39:22</date>
  <millis>1536145762582</millis>
  <sequence>28</sequence>
  <level>INFO</level>
  <class>com.kms.katalon.core.logging.KeywordLogger</class>
  <method>logMessage</method>
  <thread>1</thread>
  <message>Checking timeout</message>
  <nestedLevel>1</nestedLevel>
</record>
<record>
  <date>2018-09-05T16:39:22</date>
  <millis>1536145762598</millis>
  <sequence>29</sequence>
  <level>INFO</level>
  <class>com.kms.katalon.core.logging.KeywordLogger</class>
  <method>logMessage</method>
  <thread>1</thread>
  <message>Finding web element with id: &amp;apos;Object Repository/UserLogin/Page_JobyCo/input_ctl00ContentPlaceHolder1&amp;apos; located by &amp;apos;By.xpath: id(\&amp;quot;ContentPlaceHolder1_txtEmailID\&amp;quot;)[count(. | //input[@name = &amp;apos;ctl00$ContentPlaceHolder1$txtEmailID&amp;apos; and @type = &amp;apos;text&amp;apos; and @id = &amp;apos;ContentPlaceHolder1_txtEmailID&amp;apos; and @placeholder = &amp;apos;Enter Email&amp;apos; and @title = &amp;apos;Please enter your Email&amp;apos;]) = count(//input[@name = &amp;apos;ctl00$ContentPlaceHolder1$txtEmailID&amp;apos; and @type = &amp;apos;text&amp;apos; and @id = &amp;apos;ContentPlaceHolder1_txtEmailID&amp;apos; and @placeholder = &amp;apos;Enter Email&amp;apos; and @title = &amp;apos;Please enter your Email&amp;apos;])]&amp;apos; in &amp;apos;30&amp;apos; second(s)</message>
  <nestedLevel>1</nestedLevel>
</record>
<record>
  <date>2018-09-05T16:39:22</date>
  <millis>1536145762616</millis>
  <sequence>30</sequence>
  <level>INFO</level>
  <class>com.kms.katalon.core.logging.KeywordLogger</class>
  <method>logMessage</method>
  <thread>1</thread>
  <message>Found 1 web elements with id: &amp;apos;Object Repository/UserLogin/Page_JobyCo/input_ctl00ContentPlaceHolder1&amp;apos; located by &amp;apos;By.xpath: id(\&amp;quot;ContentPlaceHolder1_txtEmailID\&amp;quot;)[count(. | //input[@name = &amp;apos;ctl00$ContentPlaceHolder1$txtEmailID&amp;apos; and @type = &amp;apos;text&amp;apos; and @id = &amp;apos;ContentPlaceHolder1_txtEmailID&amp;apos; and @placeholder = &amp;apos;Enter Email&amp;apos; and @title = &amp;apos;Please enter your Email&amp;apos;]) = count(//input[@name = &amp;apos;ctl00$ContentPlaceHolder1$txtEmailID&amp;apos; and @type = &amp;apos;text&amp;apos; and @id = &amp;apos;ContentPlaceHolder1_txtEmailID&amp;apos; and @placeholder = &amp;apos;Enter Email&amp;apos; and @title = &amp;apos;Please enter your Email&amp;apos;])]&amp;apos; in &amp;apos;30&amp;apos; second(s)</message>
  <nestedLevel>1</nestedLevel>
</record>
<record>
  <date>2018-09-05T16:39:22</date>
  <millis>1536145762617</millis>
  <sequence>31</sequence>
  <level>INFO</level>
  <class>com.kms.katalon.core.logging.KeywordLogger</class>
  <method>logMessage</method>
  <thread>1</thread>
  <message>Clearing text of object &amp;apos;Object Repository/UserLogin/Page_JobyCo/input_ctl00ContentPlaceHolder1&amp;apos;</message>
  <nestedLevel>1</nestedLevel>
</record>
<record>
  <date>2018-09-05T16:39:22</date>
  <millis>1536145762633</millis>
  <sequence>32</sequence>
  <level>INFO</level>
  <class>com.kms.katalon.core.logging.KeywordLogger</class>
  <method>logMessage</method>
  <thread>1</thread>
  <message>Checking timeout</message>
  <nestedLevel>1</nestedLevel>
</record>
<record>
  <date>2018-09-05T16:39:22</date>
  <millis>1536145762634</millis>
  <sequence>33</sequence>
  <level>INFO</level>
  <class>com.kms.katalon.core.logging.KeywordLogger</class>
  <method>logMessage</method>
  <thread>1</thread>
  <message>Finding web element with id: &amp;apos;Object Repository/UserLogin/Page_JobyCo/input_ctl00ContentPlaceHolder1&amp;apos; located by &amp;apos;By.xpath: id(\&amp;quot;ContentPlaceHolder1_txtEmailID\&amp;quot;)[count(. | //input[@name = &amp;apos;ctl00$ContentPlaceHolder1$txtEmailID&amp;apos; and @type = &amp;apos;text&amp;apos; and @id = &amp;apos;ContentPlaceHolder1_txtEmailID&amp;apos; and @placeholder = &amp;apos;Enter Email&amp;apos; and @title = &amp;apos;Please enter your Email&amp;apos;]) = count(//input[@name = &amp;apos;ctl00$ContentPlaceHolder1$txtEmailID&amp;apos; and @type = &amp;apos;text&amp;apos; and @id = &amp;apos;ContentPlaceHolder1_txtEmailID&amp;apos; and @placeholder = &amp;apos;Enter Email&amp;apos; and @title = &amp;apos;Please enter your Email&amp;apos;])]&amp;apos; in &amp;apos;30&amp;apos; second(s)</message>
  <nestedLevel>1</nestedLevel>
</record>
<record>
  <date>2018-09-05T16:39:22</date>
  <millis>1536145762646</millis>
  <sequence>34</sequence>
  <level>INFO</level>
  <class>com.kms.katalon.core.logging.KeywordLogger</class>
  <method>logMessage</method>
  <thread>1</thread>
  <message>Found 1 web elements with id: &amp;apos;Object Repository/UserLogin/Page_JobyCo/input_ctl00ContentPlaceHolder1&amp;apos; located by &amp;apos;By.xpath: id(\&amp;quot;ContentPlaceHolder1_txtEmailID\&amp;quot;)[count(. | //input[@name = &amp;apos;ctl00$ContentPlaceHolder1$txtEmailID&amp;apos; and @type = &amp;apos;text&amp;apos; and @id = &amp;apos;ContentPlaceHolder1_txtEmailID&amp;apos; and @placeholder = &amp;apos;Enter Email&amp;apos; and @title = &amp;apos;Please enter your Email&amp;apos;]) = count(//input[@name = &amp;apos;ctl00$ContentPlaceHolder1$txtEmailID&amp;apos; and @type = &amp;apos;text&amp;apos; and @id = &amp;apos;ContentPlaceHolder1_txtEmailID&amp;apos; and @placeholder = &amp;apos;Enter Email&amp;apos; and @title = &amp;apos;Please enter your Email&amp;apos;])]&amp;apos; in &amp;apos;30&amp;apos; second(s)</message>
  <nestedLevel>1</nestedLevel>
</record>
<record>
  <date>2018-09-05T16:39:22</date>
  <millis>1536145762657</millis>
  <sequence>35</sequence>
  <level>INFO</level>
  <class>com.kms.katalon.core.logging.KeywordLogger</class>
  <method>logMessage</method>
  <thread>1</thread>
  <message>Setting text of object &amp;apos;Object Repository/UserLogin/Page_JobyCo/input_ctl00ContentPlaceHolder1&amp;apos; to value &amp;apos;avistaff3@mailinator.com&amp;apos;</message>
  <nestedLevel>1</nestedLevel>
</record>
<record>
  <date>2018-09-05T16:39:22</date>
  <millis>1536145762772</millis>
  <sequence>36</sequence>
  <level>PASSED</level>
  <class>com.kms.katalon.core.logging.KeywordLogger</class>
  <method>logMessage</method>
  <thread>1</thread>
  <message>Text &amp;apos;avistaff3@mailinator.com&amp;apos; is set on object &amp;apos;Object Repository/UserLogin/Page_JobyCo/input_ctl00ContentPlaceHolder1&amp;apos;</message>
  <nestedLevel>1</nestedLevel>
</record>
<record>
  <date>2018-09-05T16:39:22</date>
  <millis>1536145762773</millis>
  <sequence>37</sequence>
  <level>END</level>
  <class>com.kms.katalon.core.logging.KeywordLogger</class>
  <method>endKeyword</method>
  <thread>1</thread>
  <message>End action : setText</message>
  <nestedLevel>1</nestedLevel>
</record>
<record>
  <date>2018-09-05T16:39:22</date>
  <millis>1536145762773</millis>
  <sequence>38</sequence>
  <level>START</level>
  <class>com.kms.katalon.core.logging.KeywordLogger</class>
  <method>startKeyword</method>
  <thread>1</thread>
  <message>Start action : setEncryptedText</message>
  <nestedLevel>1</nestedLevel>
  <property name="startLine">29</property>
  <property name="stepIndex">4</property>
</record>
<record>
  <date>2018-09-05T16:39:22</date>
  <millis>1536145762774</millis>
  <sequence>39</sequence>
  <level>INFO</level>
  <class>com.kms.katalon.core.logging.KeywordLogger</class>
  <method>logMessage</method>
  <thread>1</thread>
  <message>Finding Test Object with id &amp;apos;Object Repository/UserLogin/Page_JobyCo/input_ctl00ContentPlaceHolder1_1&amp;apos;</message>
  <nestedLevel>1</nestedLevel>
</record>
<record>
  <date>2018-09-05T16:39:22</date>
  <millis>1536145762825</millis>
  <sequence>40</sequence>
  <level>INFO</level>
  <class>com.kms.katalon.core.logging.KeywordLogger</class>
  <method>logMessage</method>
  <thread>1</thread>
  <message>Checking object</message>
  <nestedLevel>1</nestedLevel>
</record>
<record>
  <date>2018-09-05T16:39:22</date>
  <millis>1536145762826</millis>
  <sequence>41</sequence>
  <level>INFO</level>
  <class>com.kms.katalon.core.logging.KeywordLogger</class>
  <method>logMessage</method>
  <thread>1</thread>
  <message>Checking text</message>
  <nestedLevel>1</nestedLevel>
</record>
<record>
  <date>2018-09-05T16:39:23</date>
  <millis>1536145763068</millis>
  <sequence>42</sequence>
  <level>INFO</level>
  <class>com.kms.katalon.core.logging.KeywordLogger</class>
  <method>logMessage</method>
  <thread>1</thread>
  <message>Checking timeout</message>
  <nestedLevel>1</nestedLevel>
</record>
<record>
  <date>2018-09-05T16:39:23</date>
  <millis>1536145763069</millis>
  <sequence>43</sequence>
  <level>INFO</level>
  <class>com.kms.katalon.core.logging.KeywordLogger</class>
  <method>logMessage</method>
  <thread>1</thread>
  <message>Finding web element with id: &amp;apos;Object Repository/UserLogin/Page_JobyCo/input_ctl00ContentPlaceHolder1_1&amp;apos; located by &amp;apos;By.xpath: id(\&amp;quot;ContentPlaceHolder1_txtPassword\&amp;quot;)[count(. | //input[@name = &amp;apos;ctl00$ContentPlaceHolder1$txtPassword&amp;apos; and @type = &amp;apos;password&amp;apos; and @id = &amp;apos;ContentPlaceHolder1_txtPassword&amp;apos; and @placeholder = &amp;apos;Enter Password&amp;apos; and @title = &amp;apos;Please enter your Password&amp;apos;]) = count(//input[@name = &amp;apos;ctl00$ContentPlaceHolder1$txtPassword&amp;apos; and @type = &amp;apos;password&amp;apos; and @id = &amp;apos;ContentPlaceHolder1_txtPassword&amp;apos; and @placeholder = &amp;apos;Enter Password&amp;apos; and @title = &amp;apos;Please enter your Password&amp;apos;])]&amp;apos; in &amp;apos;30&amp;apos; second(s)</message>
  <nestedLevel>1</nestedLevel>
</record>
<record>
  <date>2018-09-05T16:39:23</date>
  <millis>1536145763081</millis>
  <sequence>44</sequence>
  <level>INFO</level>
  <class>com.kms.katalon.core.logging.KeywordLogger</class>
  <method>logMessage</method>
  <thread>1</thread>
  <message>Found 1 web elements with id: &amp;apos;Object Repository/UserLogin/Page_JobyCo/input_ctl00ContentPlaceHolder1_1&amp;apos; located by &amp;apos;By.xpath: id(\&amp;quot;ContentPlaceHolder1_txtPassword\&amp;quot;)[count(. | //input[@name = &amp;apos;ctl00$ContentPlaceHolder1$txtPassword&amp;apos; and @type = &amp;apos;password&amp;apos; and @id = &amp;apos;ContentPlaceHolder1_txtPassword&amp;apos; and @placeholder = &amp;apos;Enter Password&amp;apos; and @title = &amp;apos;Please enter your Password&amp;apos;]) = count(//input[@name = &amp;apos;ctl00$ContentPlaceHolder1$txtPassword&amp;apos; and @type = &amp;apos;password&amp;apos; and @id = &amp;apos;ContentPlaceHolder1_txtPassword&amp;apos; and @placeholder = &amp;apos;Enter Password&amp;apos; and @title = &amp;apos;Please enter your Password&amp;apos;])]&amp;apos; in &amp;apos;30&amp;apos; second(s)</message>
  <nestedLevel>1</nestedLevel>
</record>
<record>
  <date>2018-09-05T16:39:23</date>
  <millis>1536145763082</millis>
  <sequence>45</sequence>
  <level>INFO</level>
  <class>com.kms.katalon.core.logging.KeywordLogger</class>
  <method>logMessage</method>
  <thread>1</thread>
  <message>Clearing text of object &amp;apos;Object Repository/UserLogin/Page_JobyCo/input_ctl00ContentPlaceHolder1_1&amp;apos;</message>
  <nestedLevel>1</nestedLevel>
</record>
<record>
  <date>2018-09-05T16:39:23</date>
  <millis>1536145763093</millis>
  <sequence>46</sequence>
  <level>INFO</level>
  <class>com.kms.katalon.core.logging.KeywordLogger</class>
  <method>logMessage</method>
  <thread>1</thread>
  <message>Setting  text of object &amp;apos;Object Repository/UserLogin/Page_JobyCo/input_ctl00ContentPlaceHolder1_1&amp;apos; to value ******</message>
  <nestedLevel>1</nestedLevel>
</record>
<record>
  <date>2018-09-05T16:39:23</date>
  <millis>1536145763131</millis>
  <sequence>47</sequence>
  <level>PASSED</level>
  <class>com.kms.katalon.core.logging.KeywordLogger</class>
  <method>logMessage</method>
  <thread>1</thread>
  <message>Text ****** has been set on object &amp;apos;Object Repository/UserLogin/Page_JobyCo/input_ctl00ContentPlaceHolder1_1&amp;apos;</message>
  <nestedLevel>1</nestedLevel>
</record>
<record>
  <date>2018-09-05T16:39:23</date>
  <millis>1536145763132</millis>
  <sequence>48</sequence>
  <level>END</level>
  <class>com.kms.katalon.core.logging.KeywordLogger</class>
  <method>endKeyword</method>
  <thread>1</thread>
  <message>End action : setEncryptedText</message>
  <nestedLevel>1</nestedLevel>
</record>
<record>
  <date>2018-09-05T16:39:23</date>
  <millis>1536145763132</millis>
  <sequence>49</sequence>
  <level>START</level>
  <class>com.kms.katalon.core.logging.KeywordLogger</class>
  <method>startKeyword</method>
  <thread>1</thread>
  <message>Start action : click</message>
  <nestedLevel>1</nestedLevel>
  <property name="startLine">31</property>
  <property name="stepIndex">5</property>
</record>
<record>
  <date>2018-09-05T16:39:23</date>
  <millis>1536145763133</millis>
  <sequence>50</sequence>
  <level>INFO</level>
  <class>com.kms.katalon.core.logging.KeywordLogger</class>
  <method>logMessage</method>
  <thread>1</thread>
  <message>Finding Test Object with id &amp;apos;Object Repository/UserLogin/Page_JobyCo/input_ctl00ContentPlaceHolder1_2&amp;apos;</message>
  <nestedLevel>1</nestedLevel>
</record>
<record>
  <date>2018-09-05T16:39:23</date>
  <millis>1536145763174</millis>
  <sequence>51</sequence>
  <level>INFO</level>
  <class>com.kms.katalon.core.logging.KeywordLogger</class>
  <method>logMessage</method>
  <thread>1</thread>
  <message>Checking object</message>
  <nestedLevel>1</nestedLevel>
</record>
<record>
  <date>2018-09-05T16:39:23</date>
  <millis>1536145763175</millis>
  <sequence>52</sequence>
  <level>INFO</level>
  <class>com.kms.katalon.core.logging.KeywordLogger</class>
  <method>logMessage</method>
  <thread>1</thread>
  <message>Checking timeout</message>
  <nestedLevel>1</nestedLevel>
</record>
<record>
  <date>2018-09-05T16:39:23</date>
  <millis>1536145763176</millis>
  <sequence>53</sequence>
  <level>INFO</level>
  <class>com.kms.katalon.core.logging.KeywordLogger</class>
  <method>logMessage</method>
  <thread>1</thread>
  <message>Finding web element with id: &amp;apos;Object Repository/UserLogin/Page_JobyCo/input_ctl00ContentPlaceHolder1_2&amp;apos; located by &amp;apos;By.xpath: id(\&amp;quot;ContentPlaceHolder1_btnLogin\&amp;quot;)[count(. | //input[@type = &amp;apos;submit&amp;apos; and @name = &amp;apos;ctl00$ContentPlaceHolder1$btnLogin&amp;apos; and @id = &amp;apos;ContentPlaceHolder1_btnLogin&amp;apos;]) = count(//input[@type = &amp;apos;submit&amp;apos; and @name = &amp;apos;ctl00$ContentPlaceHolder1$btnLogin&amp;apos; and @id = &amp;apos;ContentPlaceHolder1_btnLogin&amp;apos;])]&amp;apos; in &amp;apos;30&amp;apos; second(s)</message>
  <nestedLevel>1</nestedLevel>
</record>
<record>
  <date>2018-09-05T16:39:23</date>
  <millis>1536145763204</millis>
  <sequence>54</sequence>
  <level>INFO</level>
  <class>com.kms.katalon.core.logging.KeywordLogger</class>
  <method>logMessage</method>
  <thread>1</thread>
  <message>Found 1 web elements with id: &amp;apos;Object Repository/UserLogin/Page_JobyCo/input_ctl00ContentPlaceHolder1_2&amp;apos; located by &amp;apos;By.xpath: id(\&amp;quot;ContentPlaceHolder1_btnLogin\&amp;quot;)[count(. | //input[@type = &amp;apos;submit&amp;apos; and @name = &amp;apos;ctl00$ContentPlaceHolder1$btnLogin&amp;apos; and @id = &amp;apos;ContentPlaceHolder1_btnLogin&amp;apos;]) = count(//input[@type = &amp;apos;submit&amp;apos; and @name = &amp;apos;ctl00$ContentPlaceHolder1$btnLogin&amp;apos; and @id = &amp;apos;ContentPlaceHolder1_btnLogin&amp;apos;])]&amp;apos; in &amp;apos;30&amp;apos; second(s)</message>
  <nestedLevel>1</nestedLevel>
</record>
<record>
  <date>2018-09-05T16:39:23</date>
  <millis>1536145763205</millis>
  <sequence>55</sequence>
  <level>INFO</level>
  <class>com.kms.katalon.core.logging.KeywordLogger</class>
  <method>logMessage</method>
  <thread>1</thread>
  <message>Clicking on object: &amp;apos;Object Repository/UserLogin/Page_JobyCo/input_ctl00ContentPlaceHolder1_2&amp;apos;</message>
  <nestedLevel>1</nestedLevel>
</record>
<record>
  <date>2018-09-05T16:39:25</date>
  <millis>1536145765207</millis>
  <sequence>56</sequence>
  <level>PASSED</level>
  <class>com.kms.katalon.core.logging.KeywordLogger</class>
  <method>logMessage</method>
  <thread>1</thread>
  <message>Object: &amp;apos;Object Repository/UserLogin/Page_JobyCo/input_ctl00ContentPlaceHolder1_2&amp;apos; is clicked on</message>
  <nestedLevel>1</nestedLevel>
</record>
<record>
  <date>2018-09-05T16:39:25</date>
  <millis>1536145765209</millis>
  <sequence>57</sequence>
  <level>END</level>
  <class>com.kms.katalon.core.logging.KeywordLogger</class>
  <method>endKeyword</method>
  <thread>1</thread>
  <message>End action : click</message>
  <nestedLevel>1</nestedLevel>
</record>
<record>
  <date>2018-09-05T16:39:25</date>
  <millis>1536145765209</millis>
  <sequence>58</sequence>
  <level>START</level>
  <class>com.kms.katalon.core.logging.KeywordLogger</class>
  <method>startKeyword</method>
  <thread>1</thread>
  <message>Start action : waitForPageLoad</message>
  <nestedLevel>1</nestedLevel>
  <property name="startLine">33</property>
  <property name="stepIndex">6</property>
</record>
<record>
  <date>2018-09-05T16:39:25</date>
  <millis>1536145765234</millis>
  <sequence>59</sequence>
  <level>INFO</level>
  <class>com.kms.katalon.core.logging.KeywordLogger</class>
  <method>logMessage</method>
  <thread>1</thread>
  <message>Checking timeout</message>
  <nestedLevel>1</nestedLevel>
</record>
<record>
  <date>2018-09-05T16:39:25</date>
  <millis>1536145765285</millis>
  <sequence>60</sequence>
  <level>PASSED</level>
  <class>com.kms.katalon.core.logging.KeywordLogger</class>
  <method>logMessage</method>
  <thread>1</thread>
  <message>Wait for page load successfully</message>
  <nestedLevel>1</nestedLevel>
</record>
<record>
  <date>2018-09-05T16:39:25</date>
  <millis>1536145765285</millis>
  <sequence>61</sequence>
  <level>END</level>
  <class>com.kms.katalon.core.logging.KeywordLogger</class>
  <method>endKeyword</method>
  <thread>1</thread>
  <message>End action : waitForPageLoad</message>
  <nestedLevel>1</nestedLevel>
</record>
<record>
  <date>2018-09-05T16:39:25</date>
  <millis>1536145765286</millis>
  <sequence>62</sequence>
  <level>START</level>
  <class>com.kms.katalon.core.logging.KeywordLogger</class>
  <method>startKeyword</method>
  <thread>1</thread>
  <message>Start action : waitForJQueryLoad</message>
  <nestedLevel>1</nestedLevel>
  <property name="startLine">34</property>
  <property name="stepIndex">7</property>
</record>
<record>
  <date>2018-09-05T16:39:25</date>
  <millis>1536145765315</millis>
  <sequence>63</sequence>
  <level>INFO</level>
  <class>com.kms.katalon.core.logging.KeywordLogger</class>
  <method>logMessage</method>
  <thread>1</thread>
  <message>Checking timeout</message>
  <nestedLevel>1</nestedLevel>
</record>
<record>
  <date>2018-09-05T16:39:25</date>
  <millis>1536145765330</millis>
  <sequence>64</sequence>
  <level>PASSED</level>
  <class>com.kms.katalon.core.logging.KeywordLogger</class>
  <method>logMessage</method>
  <thread>1</thread>
  <message>jQuery is ready.</message>
  <nestedLevel>1</nestedLevel>
</record>
<record>
  <date>2018-09-05T16:39:25</date>
  <millis>1536145765331</millis>
  <sequence>65</sequence>
  <level>END</level>
  <class>com.kms.katalon.core.logging.KeywordLogger</class>
  <method>endKeyword</method>
  <thread>1</thread>
  <message>End action : waitForJQueryLoad</message>
  <nestedLevel>1</nestedLevel>
</record>
<record>
  <date>2018-09-05T16:39:25</date>
  <millis>1536145765331</millis>
  <sequence>66</sequence>
  <level>START</level>
  <class>com.kms.katalon.core.logging.KeywordLogger</class>
  <method>startKeyword</method>
  <thread>1</thread>
  <message>Start action : click</message>
  <nestedLevel>1</nestedLevel>
  <property name="startLine">35</property>
  <property name="stepIndex">8</property>
</record>
<record>
  <date>2018-09-05T16:39:25</date>
  <millis>1536145765333</millis>
  <sequence>67</sequence>
  <level>INFO</level>
  <class>com.kms.katalon.core.logging.KeywordLogger</class>
  <method>logMessage</method>
  <thread>1</thread>
  <message>Finding Test Object with id &amp;apos;Object Repository/UserLogin/Page_/button_toggle navigation&amp;apos;</message>
  <nestedLevel>1</nestedLevel>
</record>
<record>
  <date>2018-09-05T16:39:25</date>
  <millis>1536145765365</millis>
  <sequence>68</sequence>
  <level>INFO</level>
  <class>com.kms.katalon.core.logging.KeywordLogger</class>
  <method>logMessage</method>
  <thread>1</thread>
  <message>Checking object</message>
  <nestedLevel>1</nestedLevel>
</record>
<record>
  <date>2018-09-05T16:39:25</date>
  <millis>1536145765366</millis>
  <sequence>69</sequence>
  <level>INFO</level>
  <class>com.kms.katalon.core.logging.KeywordLogger</class>
  <method>logMessage</method>
  <thread>1</thread>
  <message>Checking timeout</message>
  <nestedLevel>1</nestedLevel>
</record>
<record>
  <date>2018-09-05T16:39:25</date>
  <millis>1536145765367</millis>
  <sequence>70</sequence>
  <level>INFO</level>
  <class>com.kms.katalon.core.logging.KeywordLogger</class>
  <method>logMessage</method>
  <thread>1</thread>
  <message>Finding web element with id: &amp;apos;Object Repository/UserLogin/Page_/button_toggle navigation&amp;apos; located by &amp;apos;By.xpath: /html[1]/body[@class=\&amp;quot;drawer drawer--left drawer-close darkBG\&amp;quot;]/div[3]/header[1]/button[@class=\&amp;quot;drawer-toggle drawer-hamburger flash\&amp;quot;][count(. | //button[@type = &amp;apos;button&amp;apos; and (text() = &amp;apos;\n              toggle navigation\n              \n            &amp;apos; or . = &amp;apos;\n              toggle navigation\n              \n            &amp;apos;)]) = count(//button[@type = &amp;apos;button&amp;apos; and (text() = &amp;apos;\n              toggle navigation\n              \n            &amp;apos; or . = &amp;apos;\n              toggle navigation\n              \n            &amp;apos;)])]&amp;apos; in &amp;apos;30&amp;apos; second(s)</message>
  <nestedLevel>1</nestedLevel>
</record>
<record>
  <date>2018-09-05T16:39:25</date>
  <millis>1536145765381</millis>
  <sequence>71</sequence>
  <level>INFO</level>
  <class>com.kms.katalon.core.logging.KeywordLogger</class>
  <method>logMessage</method>
  <thread>1</thread>
  <message>Found 1 web elements with id: &amp;apos;Object Repository/UserLogin/Page_/button_toggle navigation&amp;apos; located by &amp;apos;By.xpath: /html[1]/body[@class=\&amp;quot;drawer drawer--left drawer-close darkBG\&amp;quot;]/div[3]/header[1]/button[@class=\&amp;quot;drawer-toggle drawer-hamburger flash\&amp;quot;][count(. | //button[@type = &amp;apos;button&amp;apos; and (text() = &amp;apos;\n              toggle navigation\n              \n            &amp;apos; or . = &amp;apos;\n              toggle navigation\n              \n            &amp;apos;)]) = count(//button[@type = &amp;apos;button&amp;apos; and (text() = &amp;apos;\n              toggle navigation\n              \n            &amp;apos; or . = &amp;apos;\n              toggle navigation\n              \n            &amp;apos;)])]&amp;apos; in &amp;apos;30&amp;apos; second(s)</message>
  <nestedLevel>1</nestedLevel>
</record>
<record>
  <date>2018-09-05T16:39:25</date>
  <millis>1536145765382</millis>
  <sequence>72</sequence>
  <level>INFO</level>
  <class>com.kms.katalon.core.logging.KeywordLogger</class>
  <method>logMessage</method>
  <thread>1</thread>
  <message>Clicking on object: &amp;apos;Object Repository/UserLogin/Page_/button_toggle navigation&amp;apos;</message>
  <nestedLevel>1</nestedLevel>
</record>
<record>
  <date>2018-09-05T16:39:25</date>
  <millis>1536145765625</millis>
  <sequence>73</sequence>
  <level>PASSED</level>
  <class>com.kms.katalon.core.logging.KeywordLogger</class>
  <method>logMessage</method>
  <thread>1</thread>
  <message>Object: &amp;apos;Object Repository/UserLogin/Page_/button_toggle navigation&amp;apos; is clicked on</message>
  <nestedLevel>1</nestedLevel>
</record>
<record>
  <date>2018-09-05T16:39:25</date>
  <millis>1536145765626</millis>
  <sequence>74</sequence>
  <level>END</level>
  <class>com.kms.katalon.core.logging.KeywordLogger</class>
  <method>endKeyword</method>
  <thread>1</thread>
  <message>End action : click</message>
  <nestedLevel>1</nestedLevel>
</record>
<record>
  <date>2018-09-05T16:39:25</date>
  <millis>1536145765626</millis>
  <sequence>75</sequence>
  <level>START</level>
  <class>com.kms.katalon.core.logging.KeywordLogger</class>
  <method>startKeyword</method>
  <thread>1</thread>
  <message>Start action : click</message>
  <nestedLevel>1</nestedLevel>
  <property name="startLine">37</property>
  <property name="stepIndex">9</property>
</record>
<record>
  <date>2018-09-05T16:39:25</date>
  <millis>1536145765627</millis>
  <sequence>76</sequence>
  <level>INFO</level>
  <class>com.kms.katalon.core.logging.KeywordLogger</class>
  <method>logMessage</method>
  <thread>1</thread>
  <message>Finding Test Object with id &amp;apos;Object Repository/UserLogin/Page_/button_toggle navigation_1&amp;apos;</message>
  <nestedLevel>1</nestedLevel>
</record>
<record>
  <date>2018-09-05T16:39:25</date>
  <millis>1536145765633</millis>
  <sequence>77</sequence>
  <level>INFO</level>
  <class>com.kms.katalon.core.logging.KeywordLogger</class>
  <method>logMessage</method>
  <thread>1</thread>
  <message>Checking object</message>
  <nestedLevel>1</nestedLevel>
</record>
<record>
  <date>2018-09-05T16:39:25</date>
  <millis>1536145765634</millis>
  <sequence>78</sequence>
  <level>INFO</level>
  <class>com.kms.katalon.core.logging.KeywordLogger</class>
  <method>logMessage</method>
  <thread>1</thread>
  <message>Checking timeout</message>
  <nestedLevel>1</nestedLevel>
</record>
<record>
  <date>2018-09-05T16:39:25</date>
  <millis>1536145765635</millis>
  <sequence>79</sequence>
  <level>INFO</level>
  <class>com.kms.katalon.core.logging.KeywordLogger</class>
  <method>logMessage</method>
  <thread>1</thread>
  <message>Finding web element with id: &amp;apos;Object Repository/UserLogin/Page_/button_toggle navigation_1&amp;apos; located by &amp;apos;By.xpath: /html[1]/body[@class=\&amp;quot;drawer drawer--left darkBG drawer-open\&amp;quot;]/div[3]/header[1]/button[@class=\&amp;quot;drawer-toggle drawer-hamburger flash\&amp;quot;][count(. | //button[@type = &amp;apos;button&amp;apos; and (text() = &amp;apos;\n              toggle navigation\n              \n            &amp;apos; or . = &amp;apos;\n              toggle navigation\n              \n            &amp;apos;)]) = count(//button[@type = &amp;apos;button&amp;apos; and (text() = &amp;apos;\n              toggle navigation\n              \n            &amp;apos; or . = &amp;apos;\n              toggle navigation\n              \n            &amp;apos;)])]&amp;apos; in &amp;apos;30&amp;apos; second(s)</message>
  <nestedLevel>1</nestedLevel>
</record>
<record>
  <date>2018-09-05T16:39:25</date>
  <millis>1536145765647</millis>
  <sequence>80</sequence>
  <level>INFO</level>
  <class>com.kms.katalon.core.logging.KeywordLogger</class>
  <method>logMessage</method>
  <thread>1</thread>
  <message>Found 1 web elements with id: &amp;apos;Object Repository/UserLogin/Page_/button_toggle navigation_1&amp;apos; located by &amp;apos;By.xpath: /html[1]/body[@class=\&amp;quot;drawer drawer--left darkBG drawer-open\&amp;quot;]/div[3]/header[1]/button[@class=\&amp;quot;drawer-toggle drawer-hamburger flash\&amp;quot;][count(. | //button[@type = &amp;apos;button&amp;apos; and (text() = &amp;apos;\n              toggle navigation\n              \n            &amp;apos; or . = &amp;apos;\n              toggle navigation\n              \n            &amp;apos;)]) = count(//button[@type = &amp;apos;button&amp;apos; and (text() = &amp;apos;\n              toggle navigation\n              \n            &amp;apos; or . = &amp;apos;\n              toggle navigation\n              \n            &amp;apos;)])]&amp;apos; in &amp;apos;30&amp;apos; second(s)</message>
  <nestedLevel>1</nestedLevel>
</record>
<record>
  <date>2018-09-05T16:39:25</date>
  <millis>1536145765648</millis>
  <sequence>81</sequence>
  <level>INFO</level>
  <class>com.kms.katalon.core.logging.KeywordLogger</class>
  <method>logMessage</method>
  <thread>1</thread>
  <message>Clicking on object: &amp;apos;Object Repository/UserLogin/Page_/button_toggle navigation_1&amp;apos;</message>
  <nestedLevel>1</nestedLevel>
</record>
<record>
  <date>2018-09-05T16:39:25</date>
  <millis>1536145765878</millis>
  <sequence>82</sequence>
  <level>PASSED</level>
  <class>com.kms.katalon.core.logging.KeywordLogger</class>
  <method>logMessage</method>
  <thread>1</thread>
  <message>Object: &amp;apos;Object Repository/UserLogin/Page_/button_toggle navigation_1&amp;apos; is clicked on</message>
  <nestedLevel>1</nestedLevel>
</record>
<record>
  <date>2018-09-05T16:39:25</date>
  <millis>1536145765881</millis>
  <sequence>83</sequence>
  <level>END</level>
  <class>com.kms.katalon.core.logging.KeywordLogger</class>
  <method>endKeyword</method>
  <thread>1</thread>
  <message>End action : click</message>
  <nestedLevel>1</nestedLevel>
</record>
<record>
  <date>2018-09-05T16:39:25</date>
  <millis>1536145765882</millis>
  <sequence>84</sequence>
  <level>START</level>
  <class>com.kms.katalon.core.logging.KeywordLogger</class>
  <method>startKeyword</method>
  <thread>1</thread>
  <message>Start action : takeScreenshot</message>
  <nestedLevel>1</nestedLevel>
  <property name="startLine">38</property>
  <property name="stepIndex">10</property>
</record>
<record>
  <date>2018-09-05T16:39:26</date>
  <millis>1536145766175</millis>
  <sequence>85</sequence>
  <level>PASSED</level>
  <class>com.kms.katalon.core.logging.KeywordLogger</class>
  <method>logMessage</method>
  <thread>1</thread>
  <message>Taking screenshot successfully</message>
  <nestedLevel>1</nestedLevel>
  <property name="attachment">E:\\Avishek\\LOGMANPROJECT\\Reports\\CRM\\URM\\StaffUserLogin\\20180905_163744\\1536145765920.png</property>
</record>
<record>
  <date>2018-09-05T16:39:26</date>
  <millis>1536145766176</millis>
  <sequence>86</sequence>
  <level>END</level>
  <class>com.kms.katalon.core.logging.KeywordLogger</class>
  <method>endKeyword</method>
  <thread>1</thread>
  <message>End action : takeScreenshot</message>
  <nestedLevel>1</nestedLevel>
</record>
<record>
  <date>2018-09-05T16:39:26</date>
  <millis>1536145766176</millis>
  <sequence>87</sequence>
  <level>START</level>
  <class>com.kms.katalon.core.logging.KeywordLogger</class>
  <method>startKeyword</method>
  <thread>1</thread>
  <message>Start action : click</message>
  <nestedLevel>1</nestedLevel>
  <property name="startLine">40</property>
  <property name="stepIndex">11</property>
</record>
<record>
  <date>2018-09-05T16:39:26</date>
  <millis>1536145766177</millis>
  <sequence>88</sequence>
  <level>INFO</level>
  <class>com.kms.katalon.core.logging.KeywordLogger</class>
  <method>logMessage</method>
  <thread>1</thread>
  <message>Finding Test Object with id &amp;apos;Object Repository/UserLogin/Page_/span_glyphicon glyphicon-user&amp;apos;</message>
  <nestedLevel>1</nestedLevel>
</record>
<record>
  <date>2018-09-05T16:39:26</date>
  <millis>1536145766182</millis>
  <sequence>89</sequence>
  <level>INFO</level>
  <class>com.kms.katalon.core.logging.KeywordLogger</class>
  <method>logMessage</method>
  <thread>1</thread>
  <message>Checking object</message>
  <nestedLevel>1</nestedLevel>
</record>
<record>
  <date>2018-09-05T16:39:26</date>
  <millis>1536145766182</millis>
  <sequence>90</sequence>
  <level>INFO</level>
  <class>com.kms.katalon.core.logging.KeywordLogger</class>
  <method>logMessage</method>
  <thread>1</thread>
  <message>Checking timeout</message>
  <nestedLevel>1</nestedLevel>
</record>
<record>
  <date>2018-09-05T16:39:26</date>
  <millis>1536145766183</millis>
  <sequence>91</sequence>
  <level>INFO</level>
  <class>com.kms.katalon.core.logging.KeywordLogger</class>
  <method>logMessage</method>
  <thread>1</thread>
  <message>Finding web element with id: &amp;apos;Object Repository/UserLogin/Page_/span_glyphicon glyphicon-user&amp;apos; located by &amp;apos;By.xpath: /html[1]/body[@class=\&amp;quot;drawer drawer--left darkBG drawer-close\&amp;quot;]/div[3]/main[1]/section[@class=\&amp;quot;item\&amp;quot;]/section[@class=\&amp;quot;topBar affix\&amp;quot;]/div[@class=\&amp;quot;col-md-6\&amp;quot;]/ul[@class=\&amp;quot;acntLog\&amp;quot;]/li[@class=\&amp;quot;dropdown\&amp;quot;]/a[@class=\&amp;quot;dropdown-toggle\&amp;quot;]/span[@class=\&amp;quot;glyphicon glyphicon-user pull-right userID\&amp;quot;]&amp;apos; in &amp;apos;30&amp;apos; second(s)</message>
  <nestedLevel>1</nestedLevel>
</record>
<record>
  <date>2018-09-05T16:39:57</date>
  <millis>1536145797541</millis>
  <sequence>92</sequence>
  <level>INFO</level>
  <class>com.kms.katalon.core.logging.KeywordLogger</class>
  <method>logMessage</method>
  <thread>1</thread>
  <message>Found web element with id: &amp;apos;Object Repository/UserLogin/Page_/span_glyphicon glyphicon-user&amp;apos; using heuristic method. Matching attributes: [tag, class].</message>
  <nestedLevel>1</nestedLevel>
</record>
<record>
  <date>2018-09-05T16:39:57</date>
  <millis>1536145797542</millis>
  <sequence>93</sequence>
  <level>INFO</level>
  <class>com.kms.katalon.core.logging.KeywordLogger</class>
  <method>logMessage</method>
  <thread>1</thread>
  <message>Web element found by heuristic method is not used because we can&amp;apos;t guarantee it reflects the intended element.</message>
  <nestedLevel>1</nestedLevel>
</record>
<record>
  <date>2018-09-05T16:39:57</date>
  <millis>1536145797542</millis>
  <sequence>94</sequence>
  <level>INFO</level>
  <class>com.kms.katalon.core.logging.KeywordLogger</class>
  <method>logMessage</method>
  <thread>1</thread>
  <message>You should consult our guide in choosing attributes : https://docs.katalon.com/x/fhlO</message>
  <nestedLevel>1</nestedLevel>
</record>
<record>
  <date>2018-09-05T16:39:57</date>
  <millis>1536145797743</millis>
  <sequence>95</sequence>
  <level>FAILED</level>
  <class>com.kms.katalon.core.logging.KeywordLogger</class>
  <method>logMessage</method>
  <thread>1</thread>
  <message>Unable to click on object &amp;apos;Object Repository/UserLogin/Page_/span_glyphicon glyphicon-user&amp;apos; (Root cause: com.kms.katalon.core.webui.exception.WebElementNotFoundException: Web element with id: &amp;apos;Object Repository/UserLogin/Page_/span_glyphicon glyphicon-user&amp;apos; located by &amp;apos;By.xpath: /html[1]/body[@class=\&amp;quot;drawer drawer--left darkBG drawer-close\&amp;quot;]/div[3]/main[1]/section[@class=\&amp;quot;item\&amp;quot;]/section[@class=\&amp;quot;topBar affix\&amp;quot;]/div[@class=\&amp;quot;col-md-6\&amp;quot;]/ul[@class=\&amp;quot;acntLog\&amp;quot;]/li[@class=\&amp;quot;dropdown\&amp;quot;]/a[@class=\&amp;quot;dropdown-toggle\&amp;quot;]/span[@class=\&amp;quot;glyphicon glyphicon-user pull-right userID\&amp;quot;]&amp;apos; not found)</message>
  <nestedLevel>1</nestedLevel>
  <property name="attachment">1536145797544.png</property>
</record>
<record>
  <date>2018-09-05T16:39:57</date>
  <millis>1536145797744</millis>
  <sequence>96</sequence>
  <level>END</level>
  <class>com.kms.katalon.core.logging.KeywordLogger</class>
  <method>endKeyword</method>
  <thread>1</thread>
  <message>End action : click</message>
  <nestedLevel>1</nestedLevel>
</record>
<record>
  <date>2018-09-05T16:39:57</date>
  <millis>1536145797745</millis>
  <sequence>97</sequence>
  <logger>com.kms.katalon.core.logging.KeywordLogger</logger>
  <level>FAILED</level>
  <class>com.kms.katalon.core.logging.KeywordLogger</class>
  <method>logMessage</method>
  <thread>1</thread>
  <message>Test Cases/CRM/URM/StaffUserlogin FAILED because (of) Unable to click on object &amp;apos;Object Repository/UserLogin/Page_/span_glyphicon glyphicon-user&amp;apos; (Root cause: com.kms.katalon.core.webui.exception.WebElementNotFoundException: Web element with id: &amp;apos;Object Repository/UserLogin/Page_/span_glyphicon glyphicon-user&amp;apos; located by &amp;apos;By.xpath: /html[1]/body[@class=\&amp;quot;drawer drawer--left darkBG drawer-close\&amp;quot;]/div[3]/main[1]/section[@class=\&amp;quot;item\&amp;quot;]/section[@class=\&amp;quot;topBar affix\&amp;quot;]/div[@class=\&amp;quot;col-md-6\&amp;quot;]/ul[@class=\&amp;quot;acntLog\&amp;quot;]/li[@class=\&amp;quot;dropdown\&amp;quot;]/a[@class=\&amp;quot;dropdown-toggle\&amp;quot;]/span[@class=\&amp;quot;glyphicon glyphicon-user pull-right userID\&amp;quot;]&amp;apos; not found)</message>
  <exception>
    <message>com.kms.katalon.core.exception.StepFailedException: Unable to click on object 'Object Repository/UserLogin/Page_/span_glyphicon glyphicon-user' (Root cause: com.kms.katalon.core.webui.exception.WebElementNotFoundException: Web element with id: 'Object Repository/UserLogin/Page_/span_glyphicon glyphicon-user' located by 'By.xpath: /html[1]/body[@class="drawer drawer--left darkBG drawer-close"]/div[3]/main[1]/section[@class="item"]/section[@class="topBar affix"]/div[@class="col-md-6"]/ul[@class="acntLog"]/li[@class="dropdown"]/a[@class="dropdown-toggle"]/span[@class="glyphicon glyphicon-user pull-right userID"]' not found)</message>
    <frame>
      <class>com.kms.katalon.core.keyword.internal.KeywordMain</class>
      <method>stepFailed</method>
      <line>36</line>
    </frame>
    <frame>
      <class>com.kms.katalon.core.webui.keyword.internal.WebUIKeywordMain</class>
      <method>stepFailed</method>
      <line>65</line>
    </frame>
    <frame>
      <class>com.kms.katalon.core.webui.keyword.internal.WebUIKeywordMain</class>
      <method>runKeyword</method>
      <line>27</line>
    </frame>
    <frame>
      <class>com.kms.katalon.core.webui.keyword.builtin.ClickKeyword</class>
      <method>click</method>
      <line>86</line>
    </frame>
    <frame>
      <class>com.kms.katalon.core.webui.keyword.builtin.ClickKeyword</class>
      <method>execute</method>
      <line>67</line>
    </frame>
    <frame>
      <class>com.kms.katalon.core.keyword.internal.KeywordExecutor</class>
      <method>executeKeywordForPlatform</method>
      <line>53</line>
    </frame>
    <frame>
      <class>com.kms.katalon.core.webui.keyword.WebUiBuiltInKeywords</class>
      <method>click</method>
      <line>616</line>
    </frame>
    <frame>
      <class>com.kms.katalon.core.webui.keyword.WebUiBuiltInKeywords$click$3</class>
      <method>call</method>
    </frame>
    <frame>
      <class>org.codehaus.groovy.runtime.callsite.CallSiteArray</class>
      <method>defaultCall</method>
      <line>48</line>
    </frame>
    <frame>
      <class>org.codehaus.groovy.runtime.callsite.AbstractCallSite</class>
      <method>call</method>
      <line>113</line>
    </frame>
    <frame>
      <class>org.codehaus.groovy.runtime.callsite.AbstractCallSite</class>
      <method>call</method>
      <line>125</line>
    </frame>
    <frame>
      <class>Script1536139982498</class>
      <method>run</method>
      <line>40</line>
    </frame>
    <frame>
      <class>com.kms.katalon.core.main.ScriptEngine</class>
      <method>run</method>
      <line>183</line>
    </frame>
    <frame>
      <class>com.kms.katalon.core.main.ScriptEngine</class>
      <method>runScriptAsRawText</method>
      <line>108</line>
    </frame>
    <frame>
      <class>com.kms.katalon.core.main.TestCaseExecutor</class>
      <method>runScript</method>
      <line>294</line>
    </frame>
    <frame>
      <class>com.kms.katalon.core.main.TestCaseExecutor</class>
      <method>doExecute</method>
      <line>285</line>
    </frame>
    <frame>
      <class>com.kms.katalon.core.main.TestCaseExecutor</class>
      <method>processExecutionPhase</method>
      <line>264</line>
    </frame>
    <frame>
      <class>com.kms.katalon.core.main.TestCaseExecutor</class>
      <method>accessMainPhase</method>
      <line>256</line>
    </frame>
    <frame>
      <class>com.kms.katalon.core.main.TestCaseExecutor</class>
      <method>execute</method>
      <line>200</line>
    </frame>
    <frame>
      <class>com.kms.katalon.core.main.TestSuiteExecutor</class>
      <method>accessTestCaseMainPhase</method>
      <line>129</line>
    </frame>
    <frame>
      <class>com.kms.katalon.core.main.TestSuiteExecutor</class>
      <method>accessTestSuiteMainPhase</method>
      <line>112</line>
    </frame>
    <frame>
      <class>com.kms.katalon.core.main.TestSuiteExecutor</class>
      <method>execute</method>
      <line>81</line>
    </frame>
    <frame>
      <class>com.kms.katalon.core.main.TestCaseMain</class>
      <method>startTestSuite</method>
      <line>131</line>
    </frame>
    <frame>
      <class>com.kms.katalon.core.main.TestCaseMain$startTestSuite$0</class>
      <method>call</method>
    </frame>
    <frame>
      <class>org.codehaus.groovy.runtime.callsite.CallSiteArray</class>
      <method>defaultCall</method>
      <line>48</line>
    </frame>
    <frame>
      <class>org.codehaus.groovy.runtime.callsite.AbstractCallSite</class>
      <method>call</method>
      <line>113</line>
    </frame>
    <frame>
      <class>org.codehaus.groovy.runtime.callsite.AbstractCallSite</class>
      <method>call</method>
      <line>141</line>
    </frame>
    <frame>
      <class>TempTestSuite1536145664163</class>
      <method>run</method>
      <line>35</line>
    </frame>
    <frame>
      <class>groovy.lang.GroovyShell</class>
      <method>runScriptOrMainOrTestOrRunnable</method>
      <line>263</line>
    </frame>
    <frame>
      <class>groovy.lang.GroovyShell</class>
      <method>run</method>
      <line>518</line>
    </frame>
    <frame>
      <class>groovy.lang.GroovyShell</class>
      <method>run</method>
      <line>507</line>
    </frame>
    <frame>
      <class>groovy.ui.GroovyMain</class>
      <method>processOnce</method>
      <line>653</line>
    </frame>
    <frame>
      <class>groovy.ui.GroovyMain</class>
      <method>run</method>
      <line>384</line>
    </frame>
    <frame>
      <class>groovy.ui.GroovyMain</class>
      <method>process</method>
      <line>370</line>
    </frame>
    <frame>
      <class>groovy.ui.GroovyMain</class>
      <method>processArgs</method>
      <line>129</line>
    </frame>
    <frame>
      <class>groovy.ui.GroovyMain</class>
      <method>main</method>
      <line>109</line>
    </frame>
    <frame>
      <class>sun.reflect.NativeMethodAccessorImpl</class>
      <method>invoke0</method>
    </frame>
    <frame>
      <class>sun.reflect.NativeMethodAccessorImpl</class>
      <method>invoke</method>
      <line>62</line>
    </frame>
    <frame>
      <class>sun.reflect.DelegatingMethodAccessorImpl</class>
      <method>invoke</method>
      <line>43</line>
    </frame>
    <frame>
      <class>java.lang.reflect.Method</class>
      <method>invoke</method>
      <line>498</line>
    </frame>
    <frame>
      <class>org.codehaus.groovy.tools.GroovyStarter</class>
      <method>rootLoader</method>
      <line>109</line>
    </frame>
    <frame>
      <class>org.codehaus.groovy.tools.GroovyStarter</class>
      <method>main</method>
      <line>131</line>
    </frame>
  </exception>
  <nestedLevel>0</nestedLevel>
</record>
<record>
  <date>2018-09-05T16:39:57</date>
  <millis>1536145797747</millis>
  <sequence>98</sequence>
  <level>END</level>
  <class>com.kms.katalon.core.logging.KeywordLogger</class>
  <method>endTest</method>
  <thread>1</thread>
  <message>End Test Case : Test Cases/CRM/URM/StaffUserlogin</message>
  <nestedLevel>0</nestedLevel>
</record>
<record>
  <date>2018-09-05T16:39:58</date>
  <millis>1536145798142</millis>
  <sequence>99</sequence>
  <level>END</level>
  <class>com.kms.katalon.core.logging.KeywordLogger</class>
  <method>endSuite</method>
  <thread>1</thread>
  <message>End Test Suite : Test Suites/CRM/URM/StaffUserLogin</message>
  <nestedLevel>0</nestedLevel>
</record>
</log>
